生成启动时间为 2016/5/10 16:31:32。
     1>项目“D:\HS\策略交易\trunk\Sources\HSQuanTrade\StragyGrid\StragyGrid.vcxproj”在节点 2 上(Build 个目标)。
     1>ClCompile:
         C:\Program Files (x86)\Microsoft Visual Studio 11.0\VC\bin\CL.exe /c /I..\HSQuanTrade\include /Zi /nologo /W3 /WX- /sdl /O2 /Oi /Oy- /GL /D WIN32 /D _WINDOWS /D NDEBUG /D _USRDLL /D _CRT_SECURE_NO_WARNINGS /D _WINDLL /D _MBCS /D _AFXDLL /Gm- /EHsc /MD /GS /Gy /fp:precise /Zc:wchar_t /Zc:forScope /Yu"stdafx.h" /Fp"Release\StragyGrid.pch" /Fo"Release\\" /Fd"Release\vc110.pdb" /Gd /TP /analyze- /errorReport:prompt ..\HSQuanTrade\EasyThread.cpp
         EasyThread.cpp
       Link:
         C:\Program Files (x86)\Microsoft Visual Studio 11.0\VC\bin\link.exe /ERRORREPORT:PROMPT /OUT:"D:\HS\策略交易\trunk\Sources\HSQuanTrade\\bin\Release\StrageDLL\StragyGrid.dll" /INCREMENTAL /NOLOGO /DEF:".\StragyGrid.def" /MANIFEST /MANIFESTUAC:"level='asInvoker' uiAccess='false'" /manifest:embed /manifestinput:"C:\Program Files (x86)\Microsoft Visual Studio 11.0\VC\Include\Manifest\dpiaware.manifest" /DEBUG /PDB:"D:\HS\策略交易\trunk\Sources\HSQuanTrade\\bin\Release\StrageDLL\StragyGrid.pdb" /SUBSYSTEM:WINDOWS /OPT:REF /LTCG /TLBID:1 /DYNAMICBASE /NXCOMPAT /IMPLIB:"D:\HS\策略交易\trunk\Sources\HSQuanTrade\\bin\Release\StrageDLL\StragyGrid.lib" /MACHINE:X86 /SAFESEH /DLL Release\StragyGrid.res
         Release\CinfoLogger.obj
         Release\CKdata.obj
         Release\data.obj
         Release\EasyThread.obj
         Release\FunctionPub.obj
         Release\FundManager.obj
         Release\StrategyBase.obj
         Release\tool.obj
         Release\TradeStatistic2.obj
         Release\tinystr.obj
         Release\tinyxml.obj
         Release\tinyxmlerror.obj
         Release\tinyxmlparser.obj
         Release\stdafx.obj
         Release\StragyGrid.obj
         Release\StrategyGridV1.obj
     1>LINK : warning LNK4075: 忽略“/INCREMENTAL”(由于“/LTCG”规范)
            正在创建库 D:\HS\策略交易\trunk\Sources\HSQuanTrade\\bin\Release\StrageDLL\StragyGrid.lib 和对象 D:\HS\策略交易\trunk\Sources\HSQuanTrade\\bin\Release\StrageDLL\StragyGrid.exp
         正在生成代码
         已完成代码的生成
         StragyGrid.vcxproj -> D:\HS\策略交易\trunk\Sources\HSQuanTrade\\bin\Release\StrageDLL\StragyGrid.dll
     1>已完成生成项目“D:\HS\策略交易\trunk\Sources\HSQuanTrade\StragyGrid\StragyGrid.vcxproj”(Build 个目标)的操作。

生成成功。

已用时间 00:00:03.46
