D:\HS\策略交易\TRUNK\SOURCES\HSQUANTRADE\STRAGYGRID\RELEASE\STRAGYGRID.PCH
D:\HS\策略交易\TRUNK\SOURCES\HSQUANTRADE\STRAGYGRID\RELEASE\STDAFX.OBJ
D:\HS\策略交易\TRUNK\SOURCES\HSQUANTRADE\STRAGYGRID\RELEASE\VC110.PDB
D:\HS\策略交易\TRUNK\SOURCES\HSQUANTRADE\STRAGYGRID\RELEASE\STRATEGYGRIDV1.OBJ
D:\HS\策略交易\TRUNK\SOURCES\HSQUANTRADE\STRAGYGRID\RELEASE\STRAGYGRID.OBJ
D:\HS\策略交易\TRUNK\SOURCES\HSQUANTRADE\STRAGYGRID\RELEASE\TRADESTATISTIC2.OBJ
D:\HS\策略交易\TRUNK\SOURCES\HSQUANTRADE\STRAGYGRID\RELEASE\TOOL.OBJ
D:\HS\策略交易\TRUNK\SOURCES\HSQUANTRADE\STRAGYGRID\RELEASE\STRATEGYBASE.OBJ
D:\HS\策略交易\TRUNK\SOURCES\HSQUANTRADE\STRAGYGRID\RELEASE\FUNDMANAGER.OBJ
D:\HS\策略交易\TRUNK\SOURCES\HSQUANTRADE\STRAGYGRID\RELEASE\FUNCTIONPUB.OBJ
D:\HS\策略交易\TRUNK\SOURCES\HSQUANTRADE\STRAGYGRID\RELEASE\DATA.OBJ
D:\HS\策略交易\TRUNK\SOURCES\HSQUANTRADE\STRAGYGRID\RELEASE\CINFOLOGGER.OBJ
D:\HS\策略交易\TRUNK\SOURCES\HSQUANTRADE\STRAGYGRID\RELEASE\TINYXMLPARSER.OBJ
D:\HS\策略交易\TRUNK\SOURCES\HSQUANTRADE\STRAGYGRID\RELEASE\TINYXMLERROR.OBJ
D:\HS\策略交易\TRUNK\SOURCES\HSQUANTRADE\STRAGYGRID\RELEASE\TINYXML.OBJ
D:\HS\策略交易\TRUNK\SOURCES\HSQUANTRADE\STRAGYGRID\RELEASE\TINYSTR.OBJ
D:\HS\策略交易\TRUNK\SOURCES\HSQUANTRADE\STRAGYGRID\RELEASE\CKDATA.OBJ
D:\HS\策略交易\TRUNK\SOURCES\HSQUANTRADE\STRAGYGRID\RELEASE\STRAGYGRID.RES
D:\HS\策略交易\trunk\Sources\HSQuanTrade\StragyGrid\Release\CinfoLogger.obj
D:\HS\策略交易\trunk\Sources\HSQuanTrade\StragyGrid\Release\CKdata.obj
D:\HS\策略交易\trunk\Sources\HSQuanTrade\StragyGrid\Release\data.obj
D:\HS\策略交易\trunk\Sources\HSQuanTrade\StragyGrid\Release\FunctionPub.obj
D:\HS\策略交易\trunk\Sources\HSQuanTrade\StragyGrid\Release\FundManager.obj
D:\HS\策略交易\trunk\Sources\HSQuanTrade\StragyGrid\Release\stdafx.obj
D:\HS\策略交易\trunk\Sources\HSQuanTrade\StragyGrid\Release\StragyGrid.obj
D:\HS\策略交易\trunk\Sources\HSQuanTrade\StragyGrid\Release\StrategyBase.obj
D:\HS\策略交易\trunk\Sources\HSQuanTrade\StragyGrid\Release\StrategyGridV1.obj
D:\HS\策略交易\trunk\Sources\HSQuanTrade\StragyGrid\Release\tinystr.obj
D:\HS\策略交易\trunk\Sources\HSQuanTrade\StragyGrid\Release\tinyxml.obj
D:\HS\策略交易\trunk\Sources\HSQuanTrade\StragyGrid\Release\tinyxmlerror.obj
D:\HS\策略交易\trunk\Sources\HSQuanTrade\StragyGrid\Release\tinyxmlparser.obj
D:\HS\策略交易\trunk\Sources\HSQuanTrade\StragyGrid\Release\tool.obj
D:\HS\策略交易\trunk\Sources\HSQuanTrade\StragyGrid\Release\TradeStatistic2.obj
D:\HS\策略交易\trunk\Sources\HSQuanTrade\StragyGrid\Release\cl.command.1.tlog
D:\HS\策略交易\trunk\Sources\HSQuanTrade\StragyGrid\Release\CL.read.1.tlog
D:\HS\策略交易\trunk\Sources\HSQuanTrade\StragyGrid\Release\CL.write.1.tlog
D:\HS\策略交易\trunk\Sources\HSQuanTrade\StragyGrid\Release\link-cvtres.read.1.tlog
D:\HS\策略交易\trunk\Sources\HSQuanTrade\StragyGrid\Release\link-cvtres.write.1.tlog
D:\HS\策略交易\trunk\Sources\HSQuanTrade\StragyGrid\Release\link-mt.read.1.tlog
D:\HS\策略交易\trunk\Sources\HSQuanTrade\StragyGrid\Release\link-mt.write.1.tlog
D:\HS\策略交易\trunk\Sources\HSQuanTrade\StragyGrid\Release\link-rc.read.1.tlog
D:\HS\策略交易\trunk\Sources\HSQuanTrade\StragyGrid\Release\link-rc.write.1.tlog
D:\HS\策略交易\trunk\Sources\HSQuanTrade\StragyGrid\Release\link.command.1.tlog
D:\HS\策略交易\trunk\Sources\HSQuanTrade\StragyGrid\Release\link.read.1.tlog
D:\HS\策略交易\trunk\Sources\HSQuanTrade\StragyGrid\Release\link.write.1.tlog
D:\HS\策略交易\trunk\Sources\HSQuanTrade\StragyGrid\Release\rc.command.1.tlog
D:\HS\策略交易\trunk\Sources\HSQuanTrade\StragyGrid\Release\rc.read.1.tlog
D:\HS\策略交易\trunk\Sources\HSQuanTrade\StragyGrid\Release\rc.write.1.tlog
D:\HS\策略交易\trunk\Sources\HSQuanTrade\StragyGrid\Release\StragyGrid.write.1.tlog
D:\HS\策略交易\trunk\Sources\HSQuanTrade\StragyGrid\Release\StragyGrid.res
D:\HS\策略交易\trunk\Sources\HSQuanTrade\StragyGrid\Release\StragyGrid.pch
D:\HS\策略交易\trunk\Sources\HSQuanTrade\StragyGrid\Release\vc110.pdb
