D:\HS\策略交易\TRUNK\SOURCES\HSQUANTRADE\STRATEGYLIMITUPFLUCUATE\DEBUG\STRATEGYLIMITUPFLUCUATE.PCH
D:\HS\策略交易\TRUNK\SOURCES\HSQUANTRADE\STRATEGYLIMITUPFLUCUATE\DEBUG\STDAFX.OBJ
D:\HS\策略交易\TRUNK\SOURCES\HSQUANTRADE\STRATEGYLIMITUPFLUCUATE\DEBUG\VC110.PDB
D:\HS\策略交易\TRUNK\SOURCES\HSQUANTRADE\STRATEGYLIMITUPFLUCUATE\DEBUG\CINFOLOGGER.OBJ
D:\HS\策略交易\TRUNK\SOURCES\HSQUANTRADE\STRATEGYLIMITUPFLUCUATE\DEBUG\CKDATA.OBJ
D:\HS\策略交易\TRUNK\SOURCES\HSQUANTRADE\STRATEGYLIMITUPFLUCUATE\DEBUG\DATA.OBJ
D:\HS\策略交易\TRUNK\SOURCES\HSQUANTRADE\STRATEGYLIMITUPFLUCUATE\DEBUG\EASYTHREAD.OBJ
D:\HS\策略交易\TRUNK\SOURCES\HSQUANTRADE\STRATEGYLIMITUPFLUCUATE\DEBUG\FUNCTIONPUB.OBJ
D:\HS\策略交易\TRUNK\SOURCES\HSQUANTRADE\STRATEGYLIMITUPFLUCUATE\DEBUG\FUNDMANAGER.OBJ
D:\HS\策略交易\TRUNK\SOURCES\HSQUANTRADE\STRATEGYLIMITUPFLUCUATE\DEBUG\STRATEGYBASE.OBJ
D:\HS\策略交易\TRUNK\SOURCES\HSQUANTRADE\STRATEGYLIMITUPFLUCUATE\DEBUG\TOOL.OBJ
D:\HS\策略交易\TRUNK\SOURCES\HSQUANTRADE\STRATEGYLIMITUPFLUCUATE\DEBUG\TRADESTATISTIC2.OBJ
D:\HS\策略交易\TRUNK\SOURCES\HSQUANTRADE\STRATEGYLIMITUPFLUCUATE\DEBUG\STRATEGYLIMITUPFLUCUATE.OBJ
D:\HS\策略交易\TRUNK\SOURCES\HSQUANTRADE\STRATEGYLIMITUPFLUCUATE\DEBUG\STRATEGYLIMITUPFLUCUATEV1.OBJ
D:\HS\策略交易\TRUNK\SOURCES\HSQUANTRADE\STRATEGYLIMITUPFLUCUATE\DEBUG\TINYSTR.OBJ
D:\HS\策略交易\TRUNK\SOURCES\HSQUANTRADE\STRATEGYLIMITUPFLUCUATE\DEBUG\TINYXML.OBJ
D:\HS\策略交易\TRUNK\SOURCES\HSQUANTRADE\STRATEGYLIMITUPFLUCUATE\DEBUG\TINYXMLERROR.OBJ
D:\HS\策略交易\TRUNK\SOURCES\HSQUANTRADE\STRATEGYLIMITUPFLUCUATE\DEBUG\TINYXMLPARSER.OBJ
D:\HS\策略交易\TRUNK\SOURCES\HSQUANTRADE\BIN\DEBUG\STRAGEDLL\STRATEGYLIMITUPFLUCUATE.ILK
D:\HS\策略交易\TRUNK\SOURCES\HSQUANTRADE\BIN\DEBUG\STRAGEDLL\STRATEGYLIMITUPFLUCUATE.DLL
D:\HS\策略交易\TRUNK\SOURCES\HSQUANTRADE\BIN\DEBUG\STRAGEDLL\STRATEGYLIMITUPFLUCUATE.PDB
D:\HS\策略交易\TRUNK\SOURCES\HSQUANTRADE\STRATEGYLIMITUPFLUCUATE\DEBUG\STRATEGYLIMITUPFLUCUATE.RES
D:\HS\策略交易\trunk\Sources\HSQuanTrade\bin\Debug\StrageDLL\StrategyLimitupFlucuate.lib
D:\HS\策略交易\trunk\Sources\HSQuanTrade\bin\Debug\StrageDLL\StrategyLimitupFlucuate.exp
D:\codelife\HSTrade\source\HSQuanTrade\StrategyLimitupFlucuate\Debug\CinfoLogger.obj
D:\codelife\HSTrade\source\HSQuanTrade\StrategyLimitupFlucuate\Debug\CKdata.obj
D:\codelife\HSTrade\source\HSQuanTrade\StrategyLimitupFlucuate\Debug\data.obj
D:\codelife\HSTrade\source\HSQuanTrade\StrategyLimitupFlucuate\Debug\EasyThread.obj
D:\codelife\HSTrade\source\HSQuanTrade\StrategyLimitupFlucuate\Debug\FunctionPub.obj
D:\codelife\HSTrade\source\HSQuanTrade\StrategyLimitupFlucuate\Debug\FundManager.obj
D:\codelife\HSTrade\source\HSQuanTrade\StrategyLimitupFlucuate\Debug\stdafx.obj
D:\codelife\HSTrade\source\HSQuanTrade\StrategyLimitupFlucuate\Debug\StrategyBase.obj
D:\codelife\HSTrade\source\HSQuanTrade\StrategyLimitupFlucuate\Debug\StrategyLimitupFlucuate.obj
D:\codelife\HSTrade\source\HSQuanTrade\StrategyLimitupFlucuate\Debug\StrategyLimitupFlucuateV1.obj
D:\codelife\HSTrade\source\HSQuanTrade\StrategyLimitupFlucuate\Debug\tinystr.obj
D:\codelife\HSTrade\source\HSQuanTrade\StrategyLimitupFlucuate\Debug\tinyxml.obj
D:\codelife\HSTrade\source\HSQuanTrade\StrategyLimitupFlucuate\Debug\tinyxmlerror.obj
D:\codelife\HSTrade\source\HSQuanTrade\StrategyLimitupFlucuate\Debug\tinyxmlparser.obj
D:\codelife\HSTrade\source\HSQuanTrade\StrategyLimitupFlucuate\Debug\tool.obj
D:\codelife\HSTrade\source\HSQuanTrade\StrategyLimitupFlucuate\Debug\TradeStatistic2.obj
D:\codelife\HSTrade\source\HSQuanTrade\StrategyLimitupFlucuate\Debug\cl.command.1.tlog
D:\codelife\HSTrade\source\HSQuanTrade\StrategyLimitupFlucuate\Debug\CL.read.1.tlog
D:\codelife\HSTrade\source\HSQuanTrade\StrategyLimitupFlucuate\Debug\CL.write.1.tlog
D:\codelife\HSTrade\source\HSQuanTrade\StrategyLimitupFlucuate\Debug\link-cvtres.read.1.tlog
D:\codelife\HSTrade\source\HSQuanTrade\StrategyLimitupFlucuate\Debug\link-cvtres.write.1.tlog
D:\codelife\HSTrade\source\HSQuanTrade\StrategyLimitupFlucuate\Debug\link-mt.read.1.tlog
D:\codelife\HSTrade\source\HSQuanTrade\StrategyLimitupFlucuate\Debug\link-mt.write.1.tlog
D:\codelife\HSTrade\source\HSQuanTrade\StrategyLimitupFlucuate\Debug\link-rc.read.1.tlog
D:\codelife\HSTrade\source\HSQuanTrade\StrategyLimitupFlucuate\Debug\link-rc.write.1.tlog
D:\codelife\HSTrade\source\HSQuanTrade\StrategyLimitupFlucuate\Debug\link.command.1.tlog
D:\codelife\HSTrade\source\HSQuanTrade\StrategyLimitupFlucuate\Debug\link.read.1.tlog
D:\codelife\HSTrade\source\HSQuanTrade\StrategyLimitupFlucuate\Debug\link.write.1.tlog
D:\codelife\HSTrade\source\HSQuanTrade\StrategyLimitupFlucuate\Debug\rc.command.1.tlog
D:\codelife\HSTrade\source\HSQuanTrade\StrategyLimitupFlucuate\Debug\rc.read.1.tlog
D:\codelife\HSTrade\source\HSQuanTrade\StrategyLimitupFlucuate\Debug\rc.write.1.tlog
D:\codelife\HSTrade\source\HSQuanTrade\StrategyLimitupFlucuate\Debug\StrategyLimitupFlucuate.write.1.tlog
D:\codelife\HSTrade\source\HSQuanTrade\StrategyLimitupFlucuate\Debug\StrategyLimitupFlucuate.res
D:\codelife\HSTrade\source\HSQuanTrade\StrategyLimitupFlucuate\Debug\StrategyLimitupFlucuate.pch
D:\codelife\HSTrade\source\HSQuanTrade\StrategyLimitupFlucuate\Debug\vc110.idb
D:\codelife\HSTrade\source\HSQuanTrade\StrategyLimitupFlucuate\Debug\vc110.pdb
D:\codelife\HSTrade\source\HSQuanTrade\\bin\Debug\StrageDLL\StrategyLimitupFlucuate.pdb
D:\codelife\HSTrade\source\HSQuanTrade\\bin\Debug\StrageDLL\StrategyLimitupFlucuate.dll
D:\codelife\HSTrade\source\HSQuanTrade\\bin\Debug\StrageDLL\StrategyLimitupFlucuate.ilk
