D:\HS\策略交易\TRUNK\SOURCES\HSQUANTRADE\STRATEGYBREAKHIGHDOWN\RELEASE\STRATEGYBREAKHIGHDOWN.OBJ
D:\HS\策略交易\TRUNK\SOURCES\HSQUANTRADE\STRATEGYBREAKHIGHDOWN\RELEASE\STRATEGYBKHIDOWNIMPL.OBJ
D:\HS\策略交易\TRUNK\SOURCES\HSQUANTRADE\STRATEGYBREAKHIGHDOWN\RELEASE\TRADESTATISTIC2.OBJ
D:\HS\策略交易\TRUNK\SOURCES\HSQUANTRADE\STRATEGYBREAKHIGHDOWN\RELEASE\TOOL.OBJ
D:\HS\策略交易\TRUNK\SOURCES\HSQUANTRADE\STRATEGYBREAKHIGHDOWN\RELEASE\STRATEGYBASE.OBJ
D:\HS\策略交易\TRUNK\SOURCES\HSQUANTRADE\STRATEGYBREAKHIGHDOWN\RELEASE\FUNDMANAGER.OBJ
D:\HS\策略交易\TRUNK\SOURCES\HSQUANTRADE\STRATEGYBREAKHIGHDOWN\RELEASE\FUNCTIONPUB.OBJ
D:\HS\策略交易\TRUNK\SOURCES\HSQUANTRADE\STRATEGYBREAKHIGHDOWN\RELEASE\EASYTHREAD.OBJ
D:\HS\策略交易\TRUNK\SOURCES\HSQUANTRADE\STRATEGYBREAKHIGHDOWN\RELEASE\DATA.OBJ
D:\HS\策略交易\TRUNK\SOURCES\HSQUANTRADE\STRATEGYBREAKHIGHDOWN\RELEASE\CKDATA.OBJ
D:\HS\策略交易\TRUNK\SOURCES\HSQUANTRADE\STRATEGYBREAKHIGHDOWN\RELEASE\CINFOLOGGER.OBJ
D:\HS\策略交易\TRUNK\SOURCES\HSQUANTRADE\STRATEGYBREAKHIGHDOWN\RELEASE\VC110.PDB
D:\HS\策略交易\TRUNK\SOURCES\HSQUANTRADE\STRATEGYBREAKHIGHDOWN\RELEASE\STRATEGYBREAKHIGHDOWN.PCH
D:\HS\策略交易\TRUNK\SOURCES\HSQUANTRADE\STRATEGYBREAKHIGHDOWN\RELEASE\STDAFX.OBJ
D:\HS\策略交易\TRUNK\SOURCES\HSQUANTRADE\STRATEGYBREAKHIGHDOWN\RELEASE\TINYXMLPARSER.OBJ
D:\HS\策略交易\TRUNK\SOURCES\HSQUANTRADE\STRATEGYBREAKHIGHDOWN\RELEASE\TINYXMLERROR.OBJ
D:\HS\策略交易\TRUNK\SOURCES\HSQUANTRADE\STRATEGYBREAKHIGHDOWN\RELEASE\TINYXML.OBJ
D:\HS\策略交易\TRUNK\SOURCES\HSQUANTRADE\STRATEGYBREAKHIGHDOWN\RELEASE\TINYSTR.OBJ
D:\HS\策略交易\TRUNK\SOURCES\HSQUANTRADE\BIN\RELEASE\STRAGEDLL\STRATEGYBREAKHIGHDOWN.DLL
D:\HS\策略交易\TRUNK\SOURCES\HSQUANTRADE\BIN\RELEASE\STRAGEDLL\STRATEGYBREAKHIGHDOWN.PDB
D:\HS\策略交易\TRUNK\SOURCES\HSQUANTRADE\STRATEGYBREAKHIGHDOWN\RELEASE\STRATEGYBREAKHIGHDOWN.RES
D:\HS\策略交易\trunk\Sources\HSQuanTrade\bin\Release\StrageDLL\StrategyBreakHighDown.lib
D:\HS\策略交易\trunk\Sources\HSQuanTrade\bin\Release\StrageDLL\StrategyBreakHighDown.exp
D:\codelife\HSTrade\source\HSQuanTrade\StrategyBreakHighDown\Release\CinfoLogger.obj
D:\codelife\HSTrade\source\HSQuanTrade\StrategyBreakHighDown\Release\CKdata.obj
D:\codelife\HSTrade\source\HSQuanTrade\StrategyBreakHighDown\Release\data.obj
D:\codelife\HSTrade\source\HSQuanTrade\StrategyBreakHighDown\Release\EasyThread.obj
D:\codelife\HSTrade\source\HSQuanTrade\StrategyBreakHighDown\Release\FunctionPub.obj
D:\codelife\HSTrade\source\HSQuanTrade\StrategyBreakHighDown\Release\FundManager.obj
D:\codelife\HSTrade\source\HSQuanTrade\StrategyBreakHighDown\Release\stdafx.obj
D:\codelife\HSTrade\source\HSQuanTrade\StrategyBreakHighDown\Release\StrategyBase.obj
D:\codelife\HSTrade\source\HSQuanTrade\StrategyBreakHighDown\Release\StrategyBkHiDownImpl.obj
D:\codelife\HSTrade\source\HSQuanTrade\StrategyBreakHighDown\Release\StrategyBreakHighDown.obj
D:\codelife\HSTrade\source\HSQuanTrade\StrategyBreakHighDown\Release\tinystr.obj
D:\codelife\HSTrade\source\HSQuanTrade\StrategyBreakHighDown\Release\tinyxml.obj
D:\codelife\HSTrade\source\HSQuanTrade\StrategyBreakHighDown\Release\tinyxmlerror.obj
D:\codelife\HSTrade\source\HSQuanTrade\StrategyBreakHighDown\Release\tinyxmlparser.obj
D:\codelife\HSTrade\source\HSQuanTrade\StrategyBreakHighDown\Release\tool.obj
D:\codelife\HSTrade\source\HSQuanTrade\StrategyBreakHighDown\Release\TradeStatistic2.obj
D:\codelife\HSTrade\source\HSQuanTrade\StrategyBreakHighDown\Release\cl.command.1.tlog
D:\codelife\HSTrade\source\HSQuanTrade\StrategyBreakHighDown\Release\CL.read.1.tlog
D:\codelife\HSTrade\source\HSQuanTrade\StrategyBreakHighDown\Release\CL.write.1.tlog
D:\codelife\HSTrade\source\HSQuanTrade\StrategyBreakHighDown\Release\link-cvtres.read.1.tlog
D:\codelife\HSTrade\source\HSQuanTrade\StrategyBreakHighDown\Release\link-cvtres.write.1.tlog
D:\codelife\HSTrade\source\HSQuanTrade\StrategyBreakHighDown\Release\link-mt.read.1.tlog
D:\codelife\HSTrade\source\HSQuanTrade\StrategyBreakHighDown\Release\link-mt.write.1.tlog
D:\codelife\HSTrade\source\HSQuanTrade\StrategyBreakHighDown\Release\link-rc.read.1.tlog
D:\codelife\HSTrade\source\HSQuanTrade\StrategyBreakHighDown\Release\link-rc.write.1.tlog
D:\codelife\HSTrade\source\HSQuanTrade\StrategyBreakHighDown\Release\link.command.1.tlog
D:\codelife\HSTrade\source\HSQuanTrade\StrategyBreakHighDown\Release\link.read.1.tlog
D:\codelife\HSTrade\source\HSQuanTrade\StrategyBreakHighDown\Release\link.read.2.tlog
D:\codelife\HSTrade\source\HSQuanTrade\StrategyBreakHighDown\Release\link.write.1.tlog
D:\codelife\HSTrade\source\HSQuanTrade\StrategyBreakHighDown\Release\rc.command.1.tlog
D:\codelife\HSTrade\source\HSQuanTrade\StrategyBreakHighDown\Release\rc.read.1.tlog
D:\codelife\HSTrade\source\HSQuanTrade\StrategyBreakHighDown\Release\rc.write.1.tlog
D:\codelife\HSTrade\source\HSQuanTrade\StrategyBreakHighDown\Release\StrategyBreakHighDown.write.1.tlog
D:\codelife\HSTrade\source\HSQuanTrade\StrategyBreakHighDown\Release\StrategyBreakHighDown.res
D:\codelife\HSTrade\source\HSQuanTrade\StrategyBreakHighDown\Release\StrategyBreakHighDown.pch
D:\codelife\HSTrade\source\HSQuanTrade\StrategyBreakHighDown\Release\vc110.pdb
D:\codelife\HSTrade\source\HSQuanTrade\\bin\Release\StrageDLL\StrategyBreakHighDown.pdb
D:\codelife\HSTrade\source\HSQuanTrade\\bin\Release\StrageDLL\StrategyBreakHighDown.dll
