D:\HS\策略交易\TRUNK\SOURCES\HSQUANTRADE\STRATEGYLIMITUPBUY\DEBUG\STRATEGYLIMITUPBUY.PCH
D:\HS\策略交易\TRUNK\SOURCES\HSQUANTRADE\STRATEGYLIMITUPBUY\DEBUG\STDAFX.OBJ
D:\HS\策略交易\TRUNK\SOURCES\HSQUANTRADE\STRATEGYLIMITUPBUY\DEBUG\VC110.PDB
D:\HS\策略交易\TRUNK\SOURCES\HSQUANTRADE\STRATEGYLIMITUPBUY\DEBUG\CINFOLOGGER.OBJ
D:\HS\策略交易\TRUNK\SOURCES\HSQUANTRADE\STRATEGYLIMITUPBUY\DEBUG\DATA.OBJ
D:\HS\策略交易\TRUNK\SOURCES\HSQUANTRADE\STRATEGYLIMITUPBUY\DEBUG\FUNCTIONPUB.OBJ
D:\HS\策略交易\TRUNK\SOURCES\HSQUANTRADE\STRATEGYLIMITUPBUY\DEBUG\STRATEGYBASE.OBJ
D:\HS\策略交易\TRUNK\SOURCES\HSQUANTRADE\STRATEGYLIMITUPBUY\DEBUG\TOOL.OBJ
D:\HS\策略交易\TRUNK\SOURCES\HSQUANTRADE\STRATEGYLIMITUPBUY\DEBUG\TRADESTATISTIC2.OBJ
D:\HS\策略交易\TRUNK\SOURCES\HSQUANTRADE\STRATEGYLIMITUPBUY\DEBUG\STRATEGYLIMITUPBUY.OBJ
D:\HS\策略交易\TRUNK\SOURCES\HSQUANTRADE\STRATEGYLIMITUPBUY\DEBUG\STRATEGYLIMITUPBUY_IMP.OBJ
D:\HS\策略交易\TRUNK\SOURCES\HSQUANTRADE\STRATEGYLIMITUPBUY\DEBUG\TINYSTR.OBJ
D:\HS\策略交易\TRUNK\SOURCES\HSQUANTRADE\STRATEGYLIMITUPBUY\DEBUG\TINYXML.OBJ
D:\HS\策略交易\TRUNK\SOURCES\HSQUANTRADE\STRATEGYLIMITUPBUY\DEBUG\TINYXMLERROR.OBJ
D:\HS\策略交易\TRUNK\SOURCES\HSQUANTRADE\STRATEGYLIMITUPBUY\DEBUG\TINYXMLPARSER.OBJ
D:\HS\策略交易\TRUNK\SOURCES\HSQUANTRADE\BIN\DEBUG\STRAGEDLL\STRATEGYLIMITUPBUY.ILK
D:\HS\策略交易\TRUNK\SOURCES\HSQUANTRADE\BIN\DEBUG\STRAGEDLL\STRATEGYLIMITUPBUY.DLL
D:\HS\策略交易\TRUNK\SOURCES\HSQUANTRADE\BIN\DEBUG\STRAGEDLL\STRATEGYLIMITUPBUY.PDB
D:\HS\策略交易\TRUNK\SOURCES\HSQUANTRADE\STRATEGYLIMITUPBUY\DEBUG\STRATEGYLIMITUPBUY.RES
D:\HS\策略交易\trunk\Sources\HSQuanTrade\bin\Debug\StrageDLL\StrategyLimitupBuy.lib
D:\HS\策略交易\trunk\Sources\HSQuanTrade\bin\Debug\StrageDLL\StrategyLimitupBuy.exp
D:\HS\策略交易\trunk\Sources\HSQuanTrade\StrategyLimitupBuy\Debug\CinfoLogger.obj
D:\HS\策略交易\trunk\Sources\HSQuanTrade\StrategyLimitupBuy\Debug\data.obj
D:\HS\策略交易\trunk\Sources\HSQuanTrade\StrategyLimitupBuy\Debug\FunctionPub.obj
D:\HS\策略交易\trunk\Sources\HSQuanTrade\StrategyLimitupBuy\Debug\stdafx.obj
D:\HS\策略交易\trunk\Sources\HSQuanTrade\StrategyLimitupBuy\Debug\StrategyBase.obj
D:\HS\策略交易\trunk\Sources\HSQuanTrade\StrategyLimitupBuy\Debug\StrategyLimitupBuy.obj
D:\HS\策略交易\trunk\Sources\HSQuanTrade\StrategyLimitupBuy\Debug\StrategyLimitupBuy_imp.obj
D:\HS\策略交易\trunk\Sources\HSQuanTrade\StrategyLimitupBuy\Debug\tinystr.obj
D:\HS\策略交易\trunk\Sources\HSQuanTrade\StrategyLimitupBuy\Debug\tinyxml.obj
D:\HS\策略交易\trunk\Sources\HSQuanTrade\StrategyLimitupBuy\Debug\tinyxmlerror.obj
D:\HS\策略交易\trunk\Sources\HSQuanTrade\StrategyLimitupBuy\Debug\tinyxmlparser.obj
D:\HS\策略交易\trunk\Sources\HSQuanTrade\StrategyLimitupBuy\Debug\tool.obj
D:\HS\策略交易\trunk\Sources\HSQuanTrade\StrategyLimitupBuy\Debug\TradeStatistic2.obj
D:\HS\策略交易\trunk\Sources\HSQuanTrade\StrategyLimitupBuy\Debug\cl.command.1.tlog
D:\HS\策略交易\trunk\Sources\HSQuanTrade\StrategyLimitupBuy\Debug\CL.read.1.tlog
D:\HS\策略交易\trunk\Sources\HSQuanTrade\StrategyLimitupBuy\Debug\CL.write.1.tlog
D:\HS\策略交易\trunk\Sources\HSQuanTrade\StrategyLimitupBuy\Debug\link-cvtres.read.1.tlog
D:\HS\策略交易\trunk\Sources\HSQuanTrade\StrategyLimitupBuy\Debug\link-cvtres.write.1.tlog
D:\HS\策略交易\trunk\Sources\HSQuanTrade\StrategyLimitupBuy\Debug\link-mt.read.1.tlog
D:\HS\策略交易\trunk\Sources\HSQuanTrade\StrategyLimitupBuy\Debug\link-mt.write.1.tlog
D:\HS\策略交易\trunk\Sources\HSQuanTrade\StrategyLimitupBuy\Debug\link-rc.read.1.tlog
D:\HS\策略交易\trunk\Sources\HSQuanTrade\StrategyLimitupBuy\Debug\link-rc.write.1.tlog
D:\HS\策略交易\trunk\Sources\HSQuanTrade\StrategyLimitupBuy\Debug\link.command.1.tlog
D:\HS\策略交易\trunk\Sources\HSQuanTrade\StrategyLimitupBuy\Debug\link.read.1.tlog
D:\HS\策略交易\trunk\Sources\HSQuanTrade\StrategyLimitupBuy\Debug\link.write.1.tlog
D:\HS\策略交易\trunk\Sources\HSQuanTrade\StrategyLimitupBuy\Debug\rc.command.1.tlog
D:\HS\策略交易\trunk\Sources\HSQuanTrade\StrategyLimitupBuy\Debug\rc.read.1.tlog
D:\HS\策略交易\trunk\Sources\HSQuanTrade\StrategyLimitupBuy\Debug\rc.write.1.tlog
D:\HS\策略交易\trunk\Sources\HSQuanTrade\StrategyLimitupBuy\Debug\StrategyLimitupBuy.write.1.tlog
D:\HS\策略交易\trunk\Sources\HSQuanTrade\StrategyLimitupBuy\Debug\StrategyLimitupBuy.res
D:\HS\策略交易\trunk\Sources\HSQuanTrade\StrategyLimitupBuy\Debug\StrategyLimitupBuy.pch
D:\HS\策略交易\trunk\Sources\HSQuanTrade\StrategyLimitupBuy\Debug\vc110.idb
D:\HS\策略交易\trunk\Sources\HSQuanTrade\StrategyLimitupBuy\Debug\vc110.pdb
D:\HS\策略交易\trunk\Sources\HSQuanTrade\\bin\Debug\StrageDLL\StrategyLimitupBuy.pdb
D:\HS\策略交易\trunk\Sources\HSQuanTrade\\bin\Debug\StrageDLL\StrategyLimitupBuy.dll
D:\HS\策略交易\trunk\Sources\HSQuanTrade\\bin\Debug\StrageDLL\StrategyLimitupBuy.ilk
