生成启动时间为 2016/4/1 17:16:53。
     1>项目“D:\HS\策略交易\trunk\Sources\MarketDataCenter\HundsunFutuMdApi\HundsunFutuMdApi.vcxproj”在节点 2 上(Build 个目标)。
     1>ClCompile:
         C:\Program Files (x86)\Microsoft Visual Studio 11.0\VC\bin\CL.exe /c /I"D:\HS\策略交易\trunk\Sources\MarketDataCenter\Build\..\Common" /I"D:\HS\策略交易\trunk\Sources\MarketDataCenter\Build\..\Include" /ZI /nologo /W3 /WX- /Od /Oy- /D WIN32 /D _WINDOWS /D _DEBUG /D _USRDLL /D _WINDLL /D _MBCS /Gm /EHsc /RTC1 /MDd /GS /fp:precise /Zc:wchar_t /Zc:forScope /Fo"obj\\" /Fd"obj\vc110.pdb" /Gd /TP /analyze- /errorReport:prompt ..\Common\public.cpp ..\Common\t2_connection_impl.cpp HundsunFutuMdApi_impl.cpp HundsunFutuMdApi_log.cpp
         HundsunFutuMdApi_log.cpp
         HundsunFutuMdApi_impl.cpp
     1>d:\hs\策略交易\trunk\sources\marketdatacenter\hundsunfutumdapi\hundsunfutuanalystrfunction.h(23): warning C4244: “=”: 从“double”转换到“float”，可能丢失数据
         t2_connection_impl.cpp
         public.cpp
     1>d:\hs\策略交易\trunk\sources\marketdatacenter\common\public.cpp(183): warning C4244: “=”: 从“LONG64”转换到“long”，可能丢失数据
     1>d:\hs\策略交易\trunk\sources\marketdatacenter\common\public.cpp(184): warning C4244: “=”: 从“LONG64”转换到“long”，可能丢失数据
         正在生成代码...
       Link:
         C:\Program Files (x86)\Microsoft Visual Studio 11.0\VC\bin\link.exe /ERRORREPORT:PROMPT /OUT:"D:\HS\策略交易\trunk\Sources\MarketDataCenter\Build\..\bin\Debug\HundsunFutuMdApi.dll" /INCREMENTAL /NOLOGO /LIBPATH:..\lib t2sdk.lib kernel32.lib user32.lib gdi32.lib winspool.lib comdlg32.lib advapi32.lib shell32.lib ole32.lib oleaut32.lib uuid.lib odbc32.lib odbccp32.lib /MANIFEST /MANIFESTUAC:"level='asInvoker' uiAccess='false'" /manifest:embed /DEBUG /PDB:"D:\HS\策略交易\trunk\Sources\MarketDataCenter\Build\..\bin\Debug\HundsunFutuMdApi.pdb" /TLBID:1 /DYNAMICBASE /NXCOMPAT /IMPLIB:"D:\HS\策略交易\trunk\Sources\MarketDataCenter\Build\..\bin\Debug\HundsunFutuMdApi.lib" /MACHINE:X86 /DLL obj\public.obj
         obj\t2_connection_impl.obj
         obj\HundsunFutuMdApi_impl.obj
         obj\HundsunFutuMdApi_log.obj
         HundsunFutuMdApi.vcxproj -> D:\HS\策略交易\trunk\Sources\MarketDataCenter\Build\..\bin\Debug\HundsunFutuMdApi.dll
     1>已完成生成项目“D:\HS\策略交易\trunk\Sources\MarketDataCenter\HundsunFutuMdApi\HundsunFutuMdApi.vcxproj”(Build 个目标)的操作。

生成成功。

已用时间 00:00:07.21
