D:\HS\策略交易\TRUNK\SOURCES\MARKETDATACENTER\HUNDSUNFUTUMDAPI\OBJ\HUNDSUNFUTUMDAPI_LOG.OBJ
D:\HS\策略交易\TRUNK\SOURCES\MARKETDATACENTER\HUNDSUNFUTUMDAPI\OBJ\HUNDSUNFUTUMDAPI_IMPL.OBJ
D:\HS\策略交易\TRUNK\SOURCES\MARKETDATACENTER\HUNDSUNFUTUMDAPI\OBJ\T2_CONNECTION_IMPL.OBJ
D:\HS\策略交易\TRUNK\SOURCES\MARKETDATACENTER\HUNDSUNFUTUMDAPI\OBJ\PUBLIC.OBJ
D:\HS\策略交易\TRUNK\SOURCES\MARKETDATACENTER\HUNDSUNFUTUMDAPI\OBJ\VC110.PDB
D:\HS\策略交易\trunk\Sources\MarketDataCenter\Bin\Release\HundsunFutuMdApi.lib
D:\HS\策略交易\trunk\Sources\MarketDataCenter\Bin\Release\HundsunFutuMdApi.exp
D:\HS\策略交易\trunk\Sources\MarketDataCenter\Bin\Debug\HundsunFutuMdApi.lib
D:\HS\策略交易\trunk\Sources\MarketDataCenter\Bin\Debug\HundsunFutuMdApi.exp
D:\HS\策略交易\trunk\Sources\MarketDataCenter\bin\Debug\HundsunFutuMdApi.lib
D:\HS\策略交易\trunk\Sources\MarketDataCenter\bin\Debug\HundsunFutuMdApi.exp
D:\HS\策略交易\TRUNK\SOURCES\MARKETDATACENTER\BIN\RELEASE\HUNDSUNFUTUMDAPI.DLL
D:\HS\策略交易\TRUNK\SOURCES\MARKETDATACENTER\BIN\DEBUG\HUNDSUNFUTUMDAPI.ILK
D:\HS\策略交易\TRUNK\SOURCES\MARKETDATACENTER\BIN\DEBUG\HUNDSUNFUTUMDAPI.DLL
D:\HS\策略交易\TRUNK\SOURCES\MARKETDATACENTER\BIN\DEBUG\HUNDSUNFUTUMDAPI.PDB
D:\HS\策略交易\trunk\Sources\MarketDataCenter\HundsunFutuMdApi\obj\HundsunFutuMdApi_impl.obj
D:\HS\策略交易\trunk\Sources\MarketDataCenter\HundsunFutuMdApi\obj\HundsunFutuMdApi_log.obj
D:\HS\策略交易\trunk\Sources\MarketDataCenter\HundsunFutuMdApi\obj\public.obj
D:\HS\策略交易\trunk\Sources\MarketDataCenter\HundsunFutuMdApi\obj\t2_connection_impl.obj
D:\HS\策略交易\trunk\Sources\MarketDataCenter\HundsunFutuMdApi\obj\cl.command.1.tlog
D:\HS\策略交易\trunk\Sources\MarketDataCenter\HundsunFutuMdApi\obj\CL.read.1.tlog
D:\HS\策略交易\trunk\Sources\MarketDataCenter\HundsunFutuMdApi\obj\CL.write.1.tlog
D:\HS\策略交易\trunk\Sources\MarketDataCenter\HundsunFutuMdApi\obj\HundsunFutuMdApi.write.1.tlog
D:\HS\策略交易\trunk\Sources\MarketDataCenter\HundsunFutuMdApi\obj\link-cvtres.read.1.tlog
D:\HS\策略交易\trunk\Sources\MarketDataCenter\HundsunFutuMdApi\obj\link-cvtres.write.1.tlog
D:\HS\策略交易\trunk\Sources\MarketDataCenter\HundsunFutuMdApi\obj\link-rc.read.1.tlog
D:\HS\策略交易\trunk\Sources\MarketDataCenter\HundsunFutuMdApi\obj\link-rc.write.1.tlog
D:\HS\策略交易\trunk\Sources\MarketDataCenter\HundsunFutuMdApi\obj\link.command.1.tlog
D:\HS\策略交易\trunk\Sources\MarketDataCenter\HundsunFutuMdApi\obj\link.read.1.tlog
D:\HS\策略交易\trunk\Sources\MarketDataCenter\HundsunFutuMdApi\obj\link.write.1.tlog
D:\HS\策略交易\trunk\Sources\MarketDataCenter\HundsunFutuMdApi\obj\vc110.idb
D:\HS\策略交易\trunk\Sources\MarketDataCenter\HundsunFutuMdApi\obj\vc110.pdb
