D:\HS\策略交易\TRUNK\SOURCES\HSQUANTRADE\STRATEGYBREAKHIGH\DEBUG\STRATEGYBREAKHIGH.PCH
D:\HS\策略交易\TRUNK\SOURCES\HSQUANTRADE\STRATEGYBREAKHIGH\DEBUG\STDAFX.OBJ
D:\HS\策略交易\TRUNK\SOURCES\HSQUANTRADE\STRATEGYBREAKHIGH\DEBUG\VC110.PDB
D:\HS\策略交易\TRUNK\SOURCES\HSQUANTRADE\STRATEGYBREAKHIGH\DEBUG\CINFOLOGGER.OBJ
D:\HS\策略交易\TRUNK\SOURCES\HSQUANTRADE\STRATEGYBREAKHIGH\DEBUG\CKDATA.OBJ
D:\HS\策略交易\TRUNK\SOURCES\HSQUANTRADE\STRATEGYBREAKHIGH\DEBUG\EASYTHREAD.OBJ
D:\HS\策略交易\TRUNK\SOURCES\HSQUANTRADE\STRATEGYBREAKHIGH\DEBUG\FUNCTIONPUB.OBJ
D:\HS\策略交易\TRUNK\SOURCES\HSQUANTRADE\STRATEGYBREAKHIGH\DEBUG\FUNDMANAGER.OBJ
D:\HS\策略交易\TRUNK\SOURCES\HSQUANTRADE\STRATEGYBREAKHIGH\DEBUG\STRATEGYBASE.OBJ
D:\HS\策略交易\TRUNK\SOURCES\HSQUANTRADE\STRATEGYBREAKHIGH\DEBUG\TOOL.OBJ
D:\HS\策略交易\TRUNK\SOURCES\HSQUANTRADE\STRATEGYBREAKHIGH\DEBUG\TRADESTATISTIC2.OBJ
D:\HS\策略交易\TRUNK\SOURCES\HSQUANTRADE\STRATEGYBREAKHIGH\DEBUG\STRATEGYBREAKHIGH.OBJ
D:\HS\策略交易\TRUNK\SOURCES\HSQUANTRADE\STRATEGYBREAKHIGH\DEBUG\STRATEGYBREAKHIGH_IMP.OBJ
D:\HS\策略交易\TRUNK\SOURCES\HSQUANTRADE\STRATEGYBREAKHIGH\DEBUG\TINYSTR.OBJ
D:\HS\策略交易\TRUNK\SOURCES\HSQUANTRADE\STRATEGYBREAKHIGH\DEBUG\TINYXML.OBJ
D:\HS\策略交易\TRUNK\SOURCES\HSQUANTRADE\STRATEGYBREAKHIGH\DEBUG\TINYXMLERROR.OBJ
D:\HS\策略交易\TRUNK\SOURCES\HSQUANTRADE\STRATEGYBREAKHIGH\DEBUG\TINYXMLPARSER.OBJ
D:\HS\策略交易\TRUNK\SOURCES\HSQUANTRADE\BIN\DEBUG\STRAGEDLL\STRATEGYBREAKHIGH.ILK
D:\HS\策略交易\TRUNK\SOURCES\HSQUANTRADE\BIN\DEBUG\STRAGEDLL\STRATEGYBREAKHIGH.DLL
D:\HS\策略交易\TRUNK\SOURCES\HSQUANTRADE\BIN\DEBUG\STRAGEDLL\STRATEGYBREAKHIGH.PDB
D:\HS\策略交易\TRUNK\SOURCES\HSQUANTRADE\STRATEGYBREAKHIGH\DEBUG\STRATEGYBREAKHIGH.RES
D:\HS\策略交易\trunk\Sources\HSQuanTrade\bin\Debug\StrageDLL\StrategyBreakHigh.lib
D:\HS\策略交易\trunk\Sources\HSQuanTrade\bin\Debug\StrageDLL\StrategyBreakHigh.exp
D:\codelife\HSTrade\source\HSQuanTrade\StrategyBreakHigh\Debug\CinfoLogger.obj
D:\codelife\HSTrade\source\HSQuanTrade\StrategyBreakHigh\Debug\CKdata.obj
D:\codelife\HSTrade\source\HSQuanTrade\StrategyBreakHigh\Debug\EasyThread.obj
D:\codelife\HSTrade\source\HSQuanTrade\StrategyBreakHigh\Debug\FunctionPub.obj
D:\codelife\HSTrade\source\HSQuanTrade\StrategyBreakHigh\Debug\FundManager.obj
D:\codelife\HSTrade\source\HSQuanTrade\StrategyBreakHigh\Debug\stdafx.obj
D:\codelife\HSTrade\source\HSQuanTrade\StrategyBreakHigh\Debug\StrategyBase.obj
D:\codelife\HSTrade\source\HSQuanTrade\StrategyBreakHigh\Debug\StrategyBreakHigh.obj
D:\codelife\HSTrade\source\HSQuanTrade\StrategyBreakHigh\Debug\StrategyBreakHigh_imp.obj
D:\codelife\HSTrade\source\HSQuanTrade\StrategyBreakHigh\Debug\tinystr.obj
D:\codelife\HSTrade\source\HSQuanTrade\StrategyBreakHigh\Debug\tinyxml.obj
D:\codelife\HSTrade\source\HSQuanTrade\StrategyBreakHigh\Debug\tinyxmlerror.obj
D:\codelife\HSTrade\source\HSQuanTrade\StrategyBreakHigh\Debug\tinyxmlparser.obj
D:\codelife\HSTrade\source\HSQuanTrade\StrategyBreakHigh\Debug\tool.obj
D:\codelife\HSTrade\source\HSQuanTrade\StrategyBreakHigh\Debug\TradeStatistic2.obj
D:\codelife\HSTrade\source\HSQuanTrade\StrategyBreakHigh\Debug\cl.command.1.tlog
D:\codelife\HSTrade\source\HSQuanTrade\StrategyBreakHigh\Debug\CL.read.1.tlog
D:\codelife\HSTrade\source\HSQuanTrade\StrategyBreakHigh\Debug\CL.write.1.tlog
D:\codelife\HSTrade\source\HSQuanTrade\StrategyBreakHigh\Debug\link-cvtres.read.1.tlog
D:\codelife\HSTrade\source\HSQuanTrade\StrategyBreakHigh\Debug\link-cvtres.write.1.tlog
D:\codelife\HSTrade\source\HSQuanTrade\StrategyBreakHigh\Debug\link-mt.read.1.tlog
D:\codelife\HSTrade\source\HSQuanTrade\StrategyBreakHigh\Debug\link-mt.write.1.tlog
D:\codelife\HSTrade\source\HSQuanTrade\StrategyBreakHigh\Debug\link-rc.read.1.tlog
D:\codelife\HSTrade\source\HSQuanTrade\StrategyBreakHigh\Debug\link-rc.write.1.tlog
D:\codelife\HSTrade\source\HSQuanTrade\StrategyBreakHigh\Debug\link.command.1.tlog
D:\codelife\HSTrade\source\HSQuanTrade\StrategyBreakHigh\Debug\link.read.1.tlog
D:\codelife\HSTrade\source\HSQuanTrade\StrategyBreakHigh\Debug\link.write.1.tlog
D:\codelife\HSTrade\source\HSQuanTrade\StrategyBreakHigh\Debug\rc.command.1.tlog
D:\codelife\HSTrade\source\HSQuanTrade\StrategyBreakHigh\Debug\rc.read.1.tlog
D:\codelife\HSTrade\source\HSQuanTrade\StrategyBreakHigh\Debug\rc.write.1.tlog
D:\codelife\HSTrade\source\HSQuanTrade\StrategyBreakHigh\Debug\StrategyBreakHigh.write.1.tlog
D:\codelife\HSTrade\source\HSQuanTrade\StrategyBreakHigh\Debug\StrategyBreakHigh.res
D:\codelife\HSTrade\source\HSQuanTrade\StrategyBreakHigh\Debug\StrategyBreakHigh.pch
D:\codelife\HSTrade\source\HSQuanTrade\StrategyBreakHigh\Debug\vc110.idb
D:\codelife\HSTrade\source\HSQuanTrade\StrategyBreakHigh\Debug\vc110.pdb
D:\codelife\HSTrade\source\HSQuanTrade\\bin\Debug\StrageDLL\StrategyBreakHigh.pdb
D:\codelife\HSTrade\source\HSQuanTrade\\bin\Debug\StrageDLL\StrategyBreakHigh.dll
D:\codelife\HSTrade\source\HSQuanTrade\\bin\Debug\StrageDLL\StrategyBreakHigh.ilk
