D:\HS\策略交易\TRUNK\SOURCES\MARKETDATACENTER\DEMO\OBJ\MDSPI.OBJ
D:\HS\策略交易\TRUNK\SOURCES\MARKETDATACENTER\DEMO\OBJ\MAIN.OBJ
D:\HS\策略交易\TRUNK\SOURCES\MARKETDATACENTER\DEMO\OBJ\DBSPI.OBJ
D:\HS\策略交易\TRUNK\SOURCES\MARKETDATACENTER\DEMO\OBJ\PUBLIC.OBJ
D:\HS\策略交易\TRUNK\SOURCES\MARKETDATACENTER\DEMO\OBJ\VC110.PDB
D:\HS\策略交易\TRUNK\SOURCES\MARKETDATACENTER\BIN\DEBUG\DEMO.ILK
D:\HS\策略交易\TRUNK\SOURCES\MARKETDATACENTER\BIN\DEBUG\DEMO.EXE
D:\HS\策略交易\TRUNK\SOURCES\MARKETDATACENTER\BIN\DEBUG\DEMO.PDB
D:\HS\策略交易\TRUNK\SOURCES\MARKETDATACENTER\BIN\RELEASE\DEMO.EXE
D:\HS\策略交易\TRUNK\SOURCES\MARKETDATACENTER\BIN\RELEASE\DEMO.PDB
D:\HS\策略交易\trunk\Sources\MarketDataCenter\Demo\obj\DBSpi.obj
D:\HS\策略交易\trunk\Sources\MarketDataCenter\Demo\obj\main.obj
D:\HS\策略交易\trunk\Sources\MarketDataCenter\Demo\obj\mdSpi.obj
D:\HS\策略交易\trunk\Sources\MarketDataCenter\Demo\obj\public.obj
D:\HS\策略交易\trunk\Sources\MarketDataCenter\Demo\obj\cl.command.1.tlog
D:\HS\策略交易\trunk\Sources\MarketDataCenter\Demo\obj\CL.read.1.tlog
D:\HS\策略交易\trunk\Sources\MarketDataCenter\Demo\obj\CL.write.1.tlog
D:\HS\策略交易\trunk\Sources\MarketDataCenter\Demo\obj\link-cvtres.read.1.tlog
D:\HS\策略交易\trunk\Sources\MarketDataCenter\Demo\obj\link-cvtres.write.1.tlog
D:\HS\策略交易\trunk\Sources\MarketDataCenter\Demo\obj\link-rc.read.1.tlog
D:\HS\策略交易\trunk\Sources\MarketDataCenter\Demo\obj\link-rc.write.1.tlog
D:\HS\策略交易\trunk\Sources\MarketDataCenter\Demo\obj\link.command.1.tlog
D:\HS\策略交易\trunk\Sources\MarketDataCenter\Demo\obj\link.read.1.tlog
D:\HS\策略交易\trunk\Sources\MarketDataCenter\Demo\obj\link.write.1.tlog
D:\HS\策略交易\trunk\Sources\MarketDataCenter\Demo\obj\vc110.idb
D:\HS\策略交易\trunk\Sources\MarketDataCenter\Demo\obj\vc110.pdb
D:\HS\策略交易\trunk\Sources\MarketDataCenter\Build\..\bin\Release\Demo.pdb
D:\HS\策略交易\trunk\Sources\MarketDataCenter\Build\..\bin\Release\Demo.exe
