D:\HS\策略交易\TRUNK\SOURCES\HSQUANTRADE\PUBLICDATA\DEBUG\PUBLICDATA.PCH
D:\HS\策略交易\TRUNK\SOURCES\HSQUANTRADE\PUBLICDATA\DEBUG\STDAFX.OBJ
D:\HS\策略交易\TRUNK\SOURCES\HSQUANTRADE\PUBLICDATA\DEBUG\VC110.PDB
D:\HS\策略交易\TRUNK\SOURCES\HSQUANTRADE\PUBLICDATA\DEBUG\CINFOLOGGER.OBJ
D:\HS\策略交易\TRUNK\SOURCES\HSQUANTRADE\PUBLICDATA\DEBUG\DATA.OBJ
D:\HS\策略交易\TRUNK\SOURCES\HSQUANTRADE\PUBLICDATA\DEBUG\PUBLICDATA.OBJ
D:\HS\策略交易\TRUNK\SOURCES\HSQUANTRADE\PUBLICDATA\DEBUG\TOOL.OBJ
D:\HS\策略交易\TRUNK\SOURCES\HSQUANTRADE\PUBLICDATA\DEBUG\TINYSTR.OBJ
D:\HS\策略交易\TRUNK\SOURCES\HSQUANTRADE\PUBLICDATA\DEBUG\TINYXML.OBJ
D:\HS\策略交易\TRUNK\SOURCES\HSQUANTRADE\PUBLICDATA\DEBUG\TINYXMLERROR.OBJ
D:\HS\策略交易\TRUNK\SOURCES\HSQUANTRADE\PUBLICDATA\DEBUG\TINYXMLPARSER.OBJ
D:\HS\策略交易\TRUNK\SOURCES\HSQUANTRADE\BIN\DEBUG\PUBLICDATA.ILK
D:\HS\策略交易\TRUNK\SOURCES\HSQUANTRADE\BIN\DEBUG\PUBLICDATA.DLL
D:\HS\策略交易\TRUNK\SOURCES\HSQUANTRADE\BIN\DEBUG\PUBLICDATA.PDB
D:\HS\策略交易\trunk\Sources\HSQuanTrade\Debug\PublicData.lib
D:\HS\策略交易\trunk\Sources\HSQuanTrade\Debug\PublicData.exp
D:\HS\策略交易\trunk\Sources\HSQuanTrade\bin\Debug\PublicData.lib
D:\HS\策略交易\trunk\Sources\HSQuanTrade\bin\Debug\PublicData.exp
D:\HS\策略交易\TRUNK\SOURCES\HSQUANTRADE\PUBLICDATA\DEBUG\PUBLICDATA.RES
D:\codelife\HSTrade\source\HSQuanTrade\PublicData\Debug\CinfoLogger.obj
D:\codelife\HSTrade\source\HSQuanTrade\PublicData\Debug\data.obj
D:\codelife\HSTrade\source\HSQuanTrade\PublicData\Debug\PublicData.obj
D:\codelife\HSTrade\source\HSQuanTrade\PublicData\Debug\stdafx.obj
D:\codelife\HSTrade\source\HSQuanTrade\PublicData\Debug\tinystr.obj
D:\codelife\HSTrade\source\HSQuanTrade\PublicData\Debug\tinyxml.obj
D:\codelife\HSTrade\source\HSQuanTrade\PublicData\Debug\tinyxmlerror.obj
D:\codelife\HSTrade\source\HSQuanTrade\PublicData\Debug\tinyxmlparser.obj
D:\codelife\HSTrade\source\HSQuanTrade\PublicData\Debug\tool.obj
D:\codelife\HSTrade\source\HSQuanTrade\PublicData\Debug\cl.command.1.tlog
D:\codelife\HSTrade\source\HSQuanTrade\PublicData\Debug\CL.read.1.tlog
D:\codelife\HSTrade\source\HSQuanTrade\PublicData\Debug\CL.write.1.tlog
D:\codelife\HSTrade\source\HSQuanTrade\PublicData\Debug\link-cvtres.read.1.tlog
D:\codelife\HSTrade\source\HSQuanTrade\PublicData\Debug\link-cvtres.write.1.tlog
D:\codelife\HSTrade\source\HSQuanTrade\PublicData\Debug\link-mt.read.1.tlog
D:\codelife\HSTrade\source\HSQuanTrade\PublicData\Debug\link-mt.write.1.tlog
D:\codelife\HSTrade\source\HSQuanTrade\PublicData\Debug\link-rc.read.1.tlog
D:\codelife\HSTrade\source\HSQuanTrade\PublicData\Debug\link-rc.write.1.tlog
D:\codelife\HSTrade\source\HSQuanTrade\PublicData\Debug\link.command.1.tlog
D:\codelife\HSTrade\source\HSQuanTrade\PublicData\Debug\link.read.1.tlog
D:\codelife\HSTrade\source\HSQuanTrade\PublicData\Debug\link.write.1.tlog
D:\codelife\HSTrade\source\HSQuanTrade\PublicData\Debug\PublicData.write.1.tlog
D:\codelife\HSTrade\source\HSQuanTrade\PublicData\Debug\rc.command.1.tlog
D:\codelife\HSTrade\source\HSQuanTrade\PublicData\Debug\rc.read.1.tlog
D:\codelife\HSTrade\source\HSQuanTrade\PublicData\Debug\rc.write.1.tlog
D:\codelife\HSTrade\source\HSQuanTrade\PublicData\Debug\PublicData.res
D:\codelife\HSTrade\source\HSQuanTrade\PublicData\Debug\PublicData.pch
D:\codelife\HSTrade\source\HSQuanTrade\PublicData\Debug\vc110.idb
D:\codelife\HSTrade\source\HSQuanTrade\PublicData\Debug\vc110.pdb
D:\codelife\HSTrade\source\HSQuanTrade\\bin\Debug\PublicData.pdb
D:\codelife\HSTrade\source\HSQuanTrade\\bin\Debug\PublicData.dll
D:\codelife\HSTrade\source\HSQuanTrade\\bin\Debug\PublicData.ilk
