D:\HS\策略交易\TRUNK\SOURCES\HSQUANTRADE\STRAGYGRID\DEBUG\STRAGYGRID.PCH
D:\HS\策略交易\TRUNK\SOURCES\HSQUANTRADE\STRAGYGRID\DEBUG\STDAFX.OBJ
D:\HS\策略交易\TRUNK\SOURCES\HSQUANTRADE\STRAGYGRID\DEBUG\VC110.PDB
D:\HS\策略交易\TRUNK\SOURCES\HSQUANTRADE\STRAGYGRID\DEBUG\CINFOLOGGER.OBJ
D:\HS\策略交易\TRUNK\SOURCES\HSQUANTRADE\STRAGYGRID\DEBUG\DATA.OBJ
D:\HS\策略交易\TRUNK\SOURCES\HSQUANTRADE\STRAGYGRID\DEBUG\FUNCTIONPUB.OBJ
D:\HS\策略交易\TRUNK\SOURCES\HSQUANTRADE\STRAGYGRID\DEBUG\STRATEGYBASE.OBJ
D:\HS\策略交易\TRUNK\SOURCES\HSQUANTRADE\STRAGYGRID\DEBUG\TOOL.OBJ
D:\HS\策略交易\TRUNK\SOURCES\HSQUANTRADE\STRAGYGRID\DEBUG\TRADESTATISTIC2.OBJ
D:\HS\策略交易\TRUNK\SOURCES\HSQUANTRADE\STRAGYGRID\DEBUG\STRAGYGRID.OBJ
D:\HS\策略交易\TRUNK\SOURCES\HSQUANTRADE\STRAGYGRID\DEBUG\STRATEGYGRIDV1.OBJ
D:\HS\策略交易\TRUNK\SOURCES\HSQUANTRADE\STRAGYGRID\DEBUG\TINYSTR.OBJ
D:\HS\策略交易\TRUNK\SOURCES\HSQUANTRADE\STRAGYGRID\DEBUG\TINYXML.OBJ
D:\HS\策略交易\TRUNK\SOURCES\HSQUANTRADE\STRAGYGRID\DEBUG\TINYXMLERROR.OBJ
D:\HS\策略交易\TRUNK\SOURCES\HSQUANTRADE\STRAGYGRID\DEBUG\TINYXMLPARSER.OBJ
D:\HS\策略交易\TRUNK\SOURCES\HSQUANTRADE\BIN\DEBUG\STRAGEDLL\STRAGYGRID.ILK
D:\HS\策略交易\TRUNK\SOURCES\HSQUANTRADE\BIN\DEBUG\STRAGEDLL\STRAGYGRID.DLL
D:\HS\策略交易\TRUNK\SOURCES\HSQUANTRADE\BIN\DEBUG\STRAGEDLL\STRAGYGRID.PDB
D:\HS\策略交易\TRUNK\SOURCES\HSQUANTRADE\STRAGYGRID\DEBUG\STRAGYGRID.RES
D:\HS\策略交易\trunk\Sources\HSQuanTrade\bin\Debug\StrageDLL\StragyGrid.lib
D:\HS\策略交易\trunk\Sources\HSQuanTrade\bin\Debug\StrageDLL\StragyGrid.exp
D:\HS\策略交易\trunk\Sources\HSQuanTrade\StragyGrid\Debug\CinfoLogger.obj
D:\HS\策略交易\trunk\Sources\HSQuanTrade\StragyGrid\Debug\data.obj
D:\HS\策略交易\trunk\Sources\HSQuanTrade\StragyGrid\Debug\FunctionPub.obj
D:\HS\策略交易\trunk\Sources\HSQuanTrade\StragyGrid\Debug\stdafx.obj
D:\HS\策略交易\trunk\Sources\HSQuanTrade\StragyGrid\Debug\StragyGrid.obj
D:\HS\策略交易\trunk\Sources\HSQuanTrade\StragyGrid\Debug\StrategyBase.obj
D:\HS\策略交易\trunk\Sources\HSQuanTrade\StragyGrid\Debug\StrategyGridV1.obj
D:\HS\策略交易\trunk\Sources\HSQuanTrade\StragyGrid\Debug\tinystr.obj
D:\HS\策略交易\trunk\Sources\HSQuanTrade\StragyGrid\Debug\tinyxml.obj
D:\HS\策略交易\trunk\Sources\HSQuanTrade\StragyGrid\Debug\tinyxmlerror.obj
D:\HS\策略交易\trunk\Sources\HSQuanTrade\StragyGrid\Debug\tinyxmlparser.obj
D:\HS\策略交易\trunk\Sources\HSQuanTrade\StragyGrid\Debug\tool.obj
D:\HS\策略交易\trunk\Sources\HSQuanTrade\StragyGrid\Debug\TradeStatistic2.obj
D:\HS\策略交易\trunk\Sources\HSQuanTrade\StragyGrid\Debug\cl.command.1.tlog
D:\HS\策略交易\trunk\Sources\HSQuanTrade\StragyGrid\Debug\CL.read.1.tlog
D:\HS\策略交易\trunk\Sources\HSQuanTrade\StragyGrid\Debug\CL.write.1.tlog
D:\HS\策略交易\trunk\Sources\HSQuanTrade\StragyGrid\Debug\link-cvtres.read.1.tlog
D:\HS\策略交易\trunk\Sources\HSQuanTrade\StragyGrid\Debug\link-cvtres.write.1.tlog
D:\HS\策略交易\trunk\Sources\HSQuanTrade\StragyGrid\Debug\link-mt.read.1.tlog
D:\HS\策略交易\trunk\Sources\HSQuanTrade\StragyGrid\Debug\link-mt.write.1.tlog
D:\HS\策略交易\trunk\Sources\HSQuanTrade\StragyGrid\Debug\link-rc.read.1.tlog
D:\HS\策略交易\trunk\Sources\HSQuanTrade\StragyGrid\Debug\link-rc.write.1.tlog
D:\HS\策略交易\trunk\Sources\HSQuanTrade\StragyGrid\Debug\link.command.1.tlog
D:\HS\策略交易\trunk\Sources\HSQuanTrade\StragyGrid\Debug\link.read.1.tlog
D:\HS\策略交易\trunk\Sources\HSQuanTrade\StragyGrid\Debug\link.write.1.tlog
D:\HS\策略交易\trunk\Sources\HSQuanTrade\StragyGrid\Debug\rc.command.1.tlog
D:\HS\策略交易\trunk\Sources\HSQuanTrade\StragyGrid\Debug\rc.read.1.tlog
D:\HS\策略交易\trunk\Sources\HSQuanTrade\StragyGrid\Debug\rc.write.1.tlog
D:\HS\策略交易\trunk\Sources\HSQuanTrade\StragyGrid\Debug\StragyGrid.write.1.tlog
D:\HS\策略交易\trunk\Sources\HSQuanTrade\StragyGrid\Debug\StragyGrid.res
D:\HS\策略交易\trunk\Sources\HSQuanTrade\StragyGrid\Debug\StragyGrid.pch
D:\HS\策略交易\trunk\Sources\HSQuanTrade\StragyGrid\Debug\vc110.idb
D:\HS\策略交易\trunk\Sources\HSQuanTrade\StragyGrid\Debug\vc110.pdb
D:\HS\策略交易\trunk\Sources\HSQuanTrade\\bin\Debug\StrageDLL\StragyGrid.pdb
D:\HS\策略交易\trunk\Sources\HSQuanTrade\\bin\Debug\StrageDLL\StragyGrid.dll
D:\HS\策略交易\trunk\Sources\HSQuanTrade\\bin\Debug\StrageDLL\StragyGrid.ilk
