生成启动时间为 2016/4/19 13:29:24。
     1>项目“D:\HS\策略交易\trunk\Sources\HSQuanTrade\StragyGrid\StragyGrid.vcxproj”在节点 2 上(Build 个目标)。
     1>ClCompile:
         C:\Program Files (x86)\Microsoft Visual Studio 11.0\VC\bin\CL.exe /c /I..\HSQuanTrade\include /ZI /nologo /W3 /WX- /sdl /Od /Oy- /D WIN32 /D _WINDOWS /D _DEBUG /D _USRDLL /D _CRT_SECURE_NO_WARNINGS /D _WINDLL /D _MBCS /D _AFXDLL /Gm /EHsc /RTC1 /MDd /GS /fp:precise /Zc:wchar_t /Zc:forScope /Yu"stdafx.h" /Fp"Debug\StragyGrid.pch" /Fo"Debug\\" /Fd"Debug\vc110.pdb" /Gd /TP /analyze- /errorReport:prompt ..\HSQuanTrade\CKdata.cpp ..\HSQuanTrade\FunctionPub.cpp ..\HSQuanTrade\FundManager.cpp ..\HSQuanTrade\StrategyBase.cpp ..\HSQuanTrade\tool.cpp StragyGrid.cpp StrategyGridV1.cpp
         StrategyBase.cpp
     1>d:\hs\策略交易\trunk\sources\hsquantrade\hsquantrade\strategybase.cpp(552): warning C4244: “参数”: 从“double”转换到“int”，可能丢失数据
         FundManager.cpp
         CKdata.cpp
     1>d:\hs\策略交易\trunk\sources\hsquantrade\hsquantrade\ckdata.cpp(136): warning C4018: “<”: 有符号/无符号不匹配
     1>d:\hs\策略交易\trunk\sources\hsquantrade\hsquantrade\ckdata.cpp(142): warning C4018: “<”: 有符号/无符号不匹配
     1>d:\hs\策略交易\trunk\sources\hsquantrade\hsquantrade\ckdata.cpp(176): warning C4018: “<”: 有符号/无符号不匹配
         正在生成代码...
         正在编译...
         StrategyGridV1.cpp
     1>d:\hs\策略交易\trunk\sources\hsquantrade\stragygrid\strategygridv1.cpp(236): warning C4244: “初始化”: 从“double”转换到“int”，可能丢失数据
     1>d:\hs\策略交易\trunk\sources\hsquantrade\stragygrid\strategygridv1.cpp(269): warning C4244: “初始化”: 从“double”转换到“int”，可能丢失数据
     1>d:\hs\策略交易\trunk\sources\hsquantrade\stragygrid\strategygridv1.cpp(304): warning C4244: “初始化”: 从“double”转换到“int”，可能丢失数据
     1>d:\hs\策略交易\trunk\sources\hsquantrade\stragygrid\strategygridv1.cpp(331): warning C4244: “初始化”: 从“double”转换到“int”，可能丢失数据
     1>d:\hs\策略交易\trunk\sources\hsquantrade\stragygrid\strategygridv1.cpp(458): warning C4244: “=”: 从“double”转换到“float”，可能丢失数据
     1>d:\hs\策略交易\trunk\sources\hsquantrade\stragygrid\strategygridv1.cpp(491): error C2065: “m_strModelName”: 未声明的标识符
     1>d:\hs\策略交易\trunk\sources\hsquantrade\stragygrid\strategygridv1.cpp(493): error C2065: “m_strModelName”: 未声明的标识符
     1>d:\hs\策略交易\trunk\sources\hsquantrade\stragygrid\strategygridv1.cpp(499): error C2065: “m_strModelName”: 未声明的标识符
     1>d:\hs\策略交易\trunk\sources\hsquantrade\stragygrid\strategygridv1.cpp(501): error C2065: “m_strModelName”: 未声明的标识符
     1>d:\hs\策略交易\trunk\sources\hsquantrade\stragygrid\strategygridv1.cpp(599): error C2065: “m_strModelName”: 未声明的标识符
     1>d:\hs\策略交易\trunk\sources\hsquantrade\stragygrid\strategygridv1.cpp(1055): warning C4244: “+=”: 从“double”转换到“float”，可能丢失数据
     1>d:\hs\策略交易\trunk\sources\hsquantrade\stragygrid\strategygridv1.cpp(1075): warning C4244: “+=”: 从“double”转换到“float”，可能丢失数据
     1>d:\hs\策略交易\trunk\sources\hsquantrade\stragygrid\strategygridv1.cpp(1214): warning C4244: “初始化”: 从“double”转换到“int”，可能丢失数据
     1>d:\hs\策略交易\trunk\sources\hsquantrade\stragygrid\strategygridv1.cpp(1247): warning C4244: “初始化”: 从“double”转换到“int”，可能丢失数据
     1>d:\hs\策略交易\trunk\sources\hsquantrade\stragygrid\strategygridv1.cpp(1284): warning C4244: “初始化”: 从“double”转换到“int”，可能丢失数据
     1>d:\hs\策略交易\trunk\sources\hsquantrade\stragygrid\strategygridv1.cpp(1311): warning C4244: “初始化”: 从“double”转换到“int”，可能丢失数据
     1>d:\hs\策略交易\trunk\sources\hsquantrade\stragygrid\strategygridv1.cpp(1347): error C2065: “m_strModelName”: 未声明的标识符
     1>d:\hs\策略交易\trunk\sources\hsquantrade\stragygrid\strategygridv1.cpp(1455): error C2065: “m_strModelName”: 未声明的标识符
     1>d:\hs\策略交易\trunk\sources\hsquantrade\stragygrid\strategygridv1.cpp(1679): error C2065: “m_strModelName”: 未声明的标识符
     1>d:\hs\策略交易\trunk\sources\hsquantrade\stragygrid\strategygridv1.cpp(1690): error C2065: “m_strModelName”: 未声明的标识符
     1>d:\hs\策略交易\trunk\sources\hsquantrade\stragygrid\strategygridv1.cpp(1803): error C2065: “m_strModelName”: 未声明的标识符
     1>d:\hs\策略交易\trunk\sources\hsquantrade\stragygrid\strategygridv1.cpp(1921): warning C4018: “<”: 有符号/无符号不匹配
     1>d:\hs\策略交易\trunk\sources\hsquantrade\stragygrid\strategygridv1.cpp(2055): warning C4018: “<”: 有符号/无符号不匹配
     1>d:\hs\策略交易\trunk\sources\hsquantrade\stragygrid\strategygridv1.cpp(2096): warning C4018: “<”: 有符号/无符号不匹配
     1>d:\hs\策略交易\trunk\sources\hsquantrade\stragygrid\strategygridv1.cpp(2521): warning C4244: “=”: 从“double”转换到“float”，可能丢失数据
         StragyGrid.cpp
         tool.cpp
     1>d:\hs\策略交易\trunk\sources\hsquantrade\hsquantrade\tool.cpp(361): warning C4018: “<”: 有符号/无符号不匹配
         FunctionPub.cpp
         正在生成代码...
     1>已完成生成项目“D:\HS\策略交易\trunk\Sources\HSQuanTrade\StragyGrid\StragyGrid.vcxproj”(Build 个目标)的操作 - 失败。

生成失败。

已用时间 00:00:13.45
