生成启动时间为 2016/4/15 17:22:40。
     1>项目“D:\HS\策略交易\trunk\Sources\HSQuanTrade\StrategyLimitupSale\StrategyLimitupSale.vcxproj”在节点 2 上(Build 个目标)。
     1>ClCompile:
         C:\Program Files (x86)\Microsoft Visual Studio 11.0\VC\bin\CL.exe /c /I..\HSQuanTrade\include\ /ZI /nologo /W3 /WX- /sdl /Od /Oy- /D WIN32 /D _WINDOWS /D _DEBUG /D _USRDLL /D _CRT_SECURE_NO_WARNINGS /D _WINDLL /D _MBCS /D _AFXDLL /Gm /EHsc /RTC1 /MDd /GS /fp:precise /Zc:wchar_t /Zc:forScope /Yu"stdafx.h" /Fp"Debug\StrategyLimitupSale.pch" /Fo"Debug\\" /Fd"Debug\vc110.pdb" /Gd /TP /analyze- /errorReport:prompt StrategyLimitupSale_imp.cpp
         StrategyLimitupSale_imp.cpp
       Link:
         C:\Program Files (x86)\Microsoft Visual Studio 11.0\VC\bin\link.exe /ERRORREPORT:PROMPT /OUT:"D:\HS\策略交易\trunk\Sources\HSQuanTrade\\bin\Debug\StrageDLL\StrategyLimitupSale.dll" /INCREMENTAL /NOLOGO /DEF:".\StrategyLimitupSale.def" /MANIFEST /MANIFESTUAC:"level='asInvoker' uiAccess='false'" /manifest:embed /manifestinput:"C:\Program Files (x86)\Microsoft Visual Studio 11.0\VC\Include\Manifest\dpiaware.manifest" /DEBUG /PDB:"D:\HS\策略交易\trunk\Sources\HSQuanTrade\\bin\Debug\StrageDLL\StrategyLimitupSale.pdb" /SUBSYSTEM:WINDOWS /TLBID:1 /DYNAMICBASE /NXCOMPAT /IMPLIB:"D:\HS\策略交易\trunk\Sources\HSQuanTrade\\bin\Debug\StrageDLL\StrategyLimitupSale.lib" /MACHINE:X86 /DLL Debug\StrategyLimitupSale.res
         Debug\CinfoLogger.obj
         Debug\CKdata.obj
         Debug\data.obj
         Debug\FunctionPub.obj
         Debug\FundManager.obj
         Debug\tinystr.obj
         Debug\tinyxml.obj
         Debug\tinyxmlerror.obj
         Debug\tinyxmlparser.obj
         Debug\StrategyBase.obj
         Debug\tool.obj
         Debug\TradeStatistic2.obj
         Debug\stdafx.obj
         Debug\StrategyLimitupSale.obj
         Debug\StrategyLimitupSale_imp.obj
            正在创建库 D:\HS\策略交易\trunk\Sources\HSQuanTrade\\bin\Debug\StrageDLL\StrategyLimitupSale.lib 和对象 D:\HS\策略交易\trunk\Sources\HSQuanTrade\\bin\Debug\StrageDLL\StrategyLimitupSale.exp
         StrategyLimitupSale.vcxproj -> D:\HS\策略交易\trunk\Sources\HSQuanTrade\\bin\Debug\StrageDLL\StrategyLimitupSale.dll
     1>已完成生成项目“D:\HS\策略交易\trunk\Sources\HSQuanTrade\StrategyLimitupSale\StrategyLimitupSale.vcxproj”(Build 个目标)的操作。

生成成功。

已用时间 00:00:04.05
