D:\HS\策略交易\TRUNK\SOURCES\HSQUANTRADE\STRATEGYLIMITUPSALE\DEBUG\STRATEGYLIMITUPSALE.PCH
D:\HS\策略交易\TRUNK\SOURCES\HSQUANTRADE\STRATEGYLIMITUPSALE\DEBUG\STDAFX.OBJ
D:\HS\策略交易\TRUNK\SOURCES\HSQUANTRADE\STRATEGYLIMITUPSALE\DEBUG\VC110.PDB
D:\HS\策略交易\TRUNK\SOURCES\HSQUANTRADE\STRATEGYLIMITUPSALE\DEBUG\CINFOLOGGER.OBJ
D:\HS\策略交易\TRUNK\SOURCES\HSQUANTRADE\STRATEGYLIMITUPSALE\DEBUG\DATA.OBJ
D:\HS\策略交易\TRUNK\SOURCES\HSQUANTRADE\STRATEGYLIMITUPSALE\DEBUG\FUNCTIONPUB.OBJ
D:\HS\策略交易\TRUNK\SOURCES\HSQUANTRADE\STRATEGYLIMITUPSALE\DEBUG\STRATEGYBASE.OBJ
D:\HS\策略交易\TRUNK\SOURCES\HSQUANTRADE\STRATEGYLIMITUPSALE\DEBUG\TOOL.OBJ
D:\HS\策略交易\TRUNK\SOURCES\HSQUANTRADE\STRATEGYLIMITUPSALE\DEBUG\TRADESTATISTIC2.OBJ
D:\HS\策略交易\TRUNK\SOURCES\HSQUANTRADE\STRATEGYLIMITUPSALE\DEBUG\STRATEGYLIMITUPSALE.OBJ
D:\HS\策略交易\TRUNK\SOURCES\HSQUANTRADE\STRATEGYLIMITUPSALE\DEBUG\STRATEGYLIMITUPSALE_IMP.OBJ
D:\HS\策略交易\TRUNK\SOURCES\HSQUANTRADE\STRATEGYLIMITUPSALE\DEBUG\TINYSTR.OBJ
D:\HS\策略交易\TRUNK\SOURCES\HSQUANTRADE\STRATEGYLIMITUPSALE\DEBUG\TINYXML.OBJ
D:\HS\策略交易\TRUNK\SOURCES\HSQUANTRADE\STRATEGYLIMITUPSALE\DEBUG\TINYXMLERROR.OBJ
D:\HS\策略交易\TRUNK\SOURCES\HSQUANTRADE\STRATEGYLIMITUPSALE\DEBUG\TINYXMLPARSER.OBJ
D:\HS\策略交易\TRUNK\SOURCES\HSQUANTRADE\BIN\DEBUG\STRAGEDLL\STRATEGYLIMITUPSALE.ILK
D:\HS\策略交易\TRUNK\SOURCES\HSQUANTRADE\BIN\DEBUG\STRAGEDLL\STRATEGYLIMITUPSALE.DLL
D:\HS\策略交易\TRUNK\SOURCES\HSQUANTRADE\BIN\DEBUG\STRAGEDLL\STRATEGYLIMITUPSALE.PDB
D:\HS\策略交易\TRUNK\SOURCES\HSQUANTRADE\STRATEGYLIMITUPSALE\DEBUG\STRATEGYLIMITUPSALE.RES
D:\HS\策略交易\trunk\Sources\HSQuanTrade\bin\Debug\StrageDLL\StrategyLimitupSale.lib
D:\HS\策略交易\trunk\Sources\HSQuanTrade\bin\Debug\StrageDLL\StrategyLimitupSale.exp
D:\HS\策略交易\trunk\Sources\HSQuanTrade\StrategyLimitupSale\Debug\CinfoLogger.obj
D:\HS\策略交易\trunk\Sources\HSQuanTrade\StrategyLimitupSale\Debug\data.obj
D:\HS\策略交易\trunk\Sources\HSQuanTrade\StrategyLimitupSale\Debug\FunctionPub.obj
D:\HS\策略交易\trunk\Sources\HSQuanTrade\StrategyLimitupSale\Debug\stdafx.obj
D:\HS\策略交易\trunk\Sources\HSQuanTrade\StrategyLimitupSale\Debug\StrategyBase.obj
D:\HS\策略交易\trunk\Sources\HSQuanTrade\StrategyLimitupSale\Debug\StrategyLimitupSale.obj
D:\HS\策略交易\trunk\Sources\HSQuanTrade\StrategyLimitupSale\Debug\StrategyLimitupSale_imp.obj
D:\HS\策略交易\trunk\Sources\HSQuanTrade\StrategyLimitupSale\Debug\tinystr.obj
D:\HS\策略交易\trunk\Sources\HSQuanTrade\StrategyLimitupSale\Debug\tinyxml.obj
D:\HS\策略交易\trunk\Sources\HSQuanTrade\StrategyLimitupSale\Debug\tinyxmlerror.obj
D:\HS\策略交易\trunk\Sources\HSQuanTrade\StrategyLimitupSale\Debug\tinyxmlparser.obj
D:\HS\策略交易\trunk\Sources\HSQuanTrade\StrategyLimitupSale\Debug\tool.obj
D:\HS\策略交易\trunk\Sources\HSQuanTrade\StrategyLimitupSale\Debug\TradeStatistic2.obj
D:\HS\策略交易\trunk\Sources\HSQuanTrade\StrategyLimitupSale\Debug\cl.command.1.tlog
D:\HS\策略交易\trunk\Sources\HSQuanTrade\StrategyLimitupSale\Debug\CL.read.1.tlog
D:\HS\策略交易\trunk\Sources\HSQuanTrade\StrategyLimitupSale\Debug\CL.write.1.tlog
D:\HS\策略交易\trunk\Sources\HSQuanTrade\StrategyLimitupSale\Debug\link-cvtres.read.1.tlog
D:\HS\策略交易\trunk\Sources\HSQuanTrade\StrategyLimitupSale\Debug\link-cvtres.write.1.tlog
D:\HS\策略交易\trunk\Sources\HSQuanTrade\StrategyLimitupSale\Debug\link-mt.read.1.tlog
D:\HS\策略交易\trunk\Sources\HSQuanTrade\StrategyLimitupSale\Debug\link-mt.write.1.tlog
D:\HS\策略交易\trunk\Sources\HSQuanTrade\StrategyLimitupSale\Debug\link-rc.read.1.tlog
D:\HS\策略交易\trunk\Sources\HSQuanTrade\StrategyLimitupSale\Debug\link-rc.write.1.tlog
D:\HS\策略交易\trunk\Sources\HSQuanTrade\StrategyLimitupSale\Debug\link.command.1.tlog
D:\HS\策略交易\trunk\Sources\HSQuanTrade\StrategyLimitupSale\Debug\link.read.1.tlog
D:\HS\策略交易\trunk\Sources\HSQuanTrade\StrategyLimitupSale\Debug\link.write.1.tlog
D:\HS\策略交易\trunk\Sources\HSQuanTrade\StrategyLimitupSale\Debug\rc.command.1.tlog
D:\HS\策略交易\trunk\Sources\HSQuanTrade\StrategyLimitupSale\Debug\rc.read.1.tlog
D:\HS\策略交易\trunk\Sources\HSQuanTrade\StrategyLimitupSale\Debug\rc.write.1.tlog
D:\HS\策略交易\trunk\Sources\HSQuanTrade\StrategyLimitupSale\Debug\StrategyLimitupSale.write.1.tlog
D:\HS\策略交易\trunk\Sources\HSQuanTrade\StrategyLimitupSale\Debug\StrategyLimitupSale.res
D:\HS\策略交易\trunk\Sources\HSQuanTrade\StrategyLimitupSale\Debug\StrategyLimitupSale.pch
D:\HS\策略交易\trunk\Sources\HSQuanTrade\StrategyLimitupSale\Debug\vc110.idb
D:\HS\策略交易\trunk\Sources\HSQuanTrade\StrategyLimitupSale\Debug\vc110.pdb
D:\HS\策略交易\trunk\Sources\HSQuanTrade\\bin\Debug\StrageDLL\StrategyLimitupSale.pdb
D:\HS\策略交易\trunk\Sources\HSQuanTrade\\bin\Debug\StrageDLL\StrategyLimitupSale.dll
D:\HS\策略交易\trunk\Sources\HSQuanTrade\\bin\Debug\StrageDLL\StrategyLimitupSale.ilk
