D:\HS\策略交易\TRUNK\SOURCES\MARKETDATACENTER\HUNDSUNH5SDKAPI\OBJ\HUNDSUNH5SDKAPI_IMPL.OBJ
D:\HS\策略交易\TRUNK\SOURCES\MARKETDATACENTER\HUNDSUNH5SDKAPI\OBJ\PUBLIC.OBJ
D:\HS\策略交易\TRUNK\SOURCES\MARKETDATACENTER\HUNDSUNH5SDKAPI\OBJ\H5SDK_IMPL.OBJ
D:\HS\策略交易\TRUNK\SOURCES\MARKETDATACENTER\HUNDSUNH5SDKAPI\OBJ\VC110.PDB
D:\HS\策略交易\trunk\Sources\MarketDataCenter\bin\Release\HundsunH5sdkApi.lib
D:\HS\策略交易\trunk\Sources\MarketDataCenter\bin\Release\HundsunH5sdkApi.exp
D:\HS\策略交易\trunk\Sources\MarketDataCenter\bin\HundsunH5sdkApi.lib
D:\HS\策略交易\trunk\Sources\MarketDataCenter\bin\HundsunH5sdkApi.exp
D:\HS\策略交易\trunk\Sources\MarketDataCenter\bin\Debug\HundsunH5sdkApi.lib
D:\HS\策略交易\trunk\Sources\MarketDataCenter\bin\Debug\HundsunH5sdkApi.exp
D:\HS\策略交易\TRUNK\SOURCES\MARKETDATACENTER\BIN\RELEASE\HUNDSUNH5SDKAPI.DLL
D:\HS\策略交易\TRUNK\SOURCES\MARKETDATACENTER\BIN\RELEASE\HUNDSUNH5SDKAPI.PDB
D:\HS\策略交易\trunk\Sources\MarketDataCenter\HundsunH5sdkApi\obj\h5sdk_impl.obj
D:\HS\策略交易\trunk\Sources\MarketDataCenter\HundsunH5sdkApi\obj\HundsunH5sdkApi_impl.obj
D:\HS\策略交易\trunk\Sources\MarketDataCenter\HundsunH5sdkApi\obj\public.obj
D:\HS\策略交易\trunk\Sources\MarketDataCenter\HundsunH5sdkApi\obj\cl.command.1.tlog
D:\HS\策略交易\trunk\Sources\MarketDataCenter\HundsunH5sdkApi\obj\CL.read.1.tlog
D:\HS\策略交易\trunk\Sources\MarketDataCenter\HundsunH5sdkApi\obj\CL.write.1.tlog
D:\HS\策略交易\trunk\Sources\MarketDataCenter\HundsunH5sdkApi\obj\HundsunH5sdkApi.write.1.tlog
D:\HS\策略交易\trunk\Sources\MarketDataCenter\HundsunH5sdkApi\obj\link-cvtres.read.1.tlog
D:\HS\策略交易\trunk\Sources\MarketDataCenter\HundsunH5sdkApi\obj\link-cvtres.write.1.tlog
D:\HS\策略交易\trunk\Sources\MarketDataCenter\HundsunH5sdkApi\obj\link-rc.read.1.tlog
D:\HS\策略交易\trunk\Sources\MarketDataCenter\HundsunH5sdkApi\obj\link-rc.write.1.tlog
D:\HS\策略交易\trunk\Sources\MarketDataCenter\HundsunH5sdkApi\obj\link.command.1.tlog
D:\HS\策略交易\trunk\Sources\MarketDataCenter\HundsunH5sdkApi\obj\link.read.1.tlog
D:\HS\策略交易\trunk\Sources\MarketDataCenter\HundsunH5sdkApi\obj\link.write.1.tlog
D:\HS\策略交易\trunk\Sources\MarketDataCenter\HundsunH5sdkApi\obj\vc110.idb
D:\HS\策略交易\trunk\Sources\MarketDataCenter\HundsunH5sdkApi\obj\vc110.pdb
D:\HS\策略交易\trunk\Sources\MarketDataCenter\Build\..\bin\Debug\HundsunH5sdkApi.pdb
D:\HS\策略交易\trunk\Sources\MarketDataCenter\Build\..\bin\Debug\HundsunH5sdkApi.dll
D:\HS\策略交易\trunk\Sources\MarketDataCenter\Build\..\bin\Debug\HundsunH5sdkApi.ilk
