生成启动时间为 2016/3/25 9:17:51。
     1>项目“D:\HS\策略交易\trunk\Sources\MarketDataCenter\MarkDataTraderApi\MarkDataTraderApi.vcxproj”在节点 2 上(Build 个目标)。
     1>ClCompile:
         C:\Program Files (x86)\Microsoft Visual Studio 11.0\VC\bin\CL.exe /c /I"D:\HS\策略交易\trunk\Sources\MarketDataCenter\Build\..\Common" /I"D:\HS\策略交易\trunk\Sources\MarketDataCenter\Build\..\Include" /Zi /nologo /W3 /WX- /O2 /Oi /Oy- /GL /D WIN32 /D _WINDOWS /D NDEBUG /D _USRDLL /D _WINDLL /D _MBCS /Gm- /EHsc /MD /GS /Gy /fp:precise /Zc:wchar_t /Zc:forScope /Fo"obj\\" /Fd"obj\vc110.pdb" /Gd /TP /analyze- /errorReport:prompt ..\Common\public.cpp ..\Common\t2_connection_impl.cpp MarkDataTraderApi_impl.cpp MarkDataTraderApi_log.cpp
         public.cpp
     1>..\Common\public.cpp(183): warning C4244: “=”: 从“LONG64”转换到“long”，可能丢失数据
     1>..\Common\public.cpp(184): warning C4244: “=”: 从“LONG64”转换到“long”，可能丢失数据
         t2_connection_impl.cpp
         MarkDataTraderApi_impl.cpp
     1>d:\hs\策略交易\trunk\sources\marketdatacenter\markdatatraderapi\MarkDataAnalyStrFunction.h(23): warning C4244: “=”: 从“double”转换到“float”，可能丢失数据
         MarkDataTraderApi_log.cpp
     1>MarkDataTraderApi_log.cpp(144): warning C4060: switch 语句没有包含“case”或“default”标签
       Link:
         C:\Program Files (x86)\Microsoft Visual Studio 11.0\VC\bin\link.exe /ERRORREPORT:PROMPT /OUT:"D:\HS\策略交易\trunk\Sources\MarketDataCenter\Build\..\Bin\Release\MarkDataTraderApi.dll" /NOLOGO /LIBPATH:..\lib t2sdk.lib Iphlpapi.lib Ws2_32.lib kernel32.lib user32.lib gdi32.lib winspool.lib comdlg32.lib advapi32.lib shell32.lib ole32.lib oleaut32.lib uuid.lib odbc32.lib odbccp32.lib /MANIFEST /MANIFESTUAC:"level='asInvoker' uiAccess='false'" /manifest:embed /DEBUG /PDB:"D:\HS\策略交易\trunk\Sources\MarketDataCenter\Build\..\Bin\Release\MarkDataTraderApi.pdb" /OPT:REF /OPT:ICF /LTCG /TLBID:1 /DYNAMICBASE /NXCOMPAT /IMPLIB:"D:\HS\策略交易\trunk\Sources\MarketDataCenter\Build\..\Bin\Release\MarkDataTraderApi.lib" /MACHINE:X86 /SAFESEH /DLL obj\public.obj
         obj\t2_connection_impl.obj
         obj\MarkDataTraderApi_impl.obj
         obj\MarkDataTraderApi_log.obj
            正在创建库 D:\HS\策略交易\trunk\Sources\MarketDataCenter\Build\..\Bin\Release\MarkDataTraderApi.lib 和对象 D:\HS\策略交易\trunk\Sources\MarketDataCenter\Build\..\Bin\Release\MarkDataTraderApi.exp
         正在生成代码
         已完成代码的生成
         MarkDataTraderApi.vcxproj -> D:\HS\策略交易\trunk\Sources\MarketDataCenter\Build\..\Bin\Release\MarkDataTraderApi.dll
     1>已完成生成项目“D:\HS\策略交易\trunk\Sources\MarketDataCenter\MarkDataTraderApi\MarkDataTraderApi.vcxproj”(Build 个目标)的操作。

生成成功。

已用时间 00:00:06.20
