D:\HS\策略交易\TRUNK\SOURCES\MARKETDATACENTER\MARKDATATRADERAPI\OBJ\MARKDATATRADERAPI_LOG.OBJ
D:\HS\策略交易\TRUNK\SOURCES\MARKETDATACENTER\MARKDATATRADERAPI\OBJ\MARKDATATRADERAPI_IMPL.OBJ
D:\HS\策略交易\TRUNK\SOURCES\MARKETDATACENTER\MARKDATATRADERAPI\OBJ\T2_CONNECTION_IMPL.OBJ
D:\HS\策略交易\TRUNK\SOURCES\MARKETDATACENTER\MARKDATATRADERAPI\OBJ\PUBLIC.OBJ
D:\HS\策略交易\TRUNK\SOURCES\MARKETDATACENTER\MARKDATATRADERAPI\OBJ\VC110.PDB
D:\HS\策略交易\TRUNK\SOURCES\MARKETDATACENTER\BIN\DEBUG\MARKDATATRADERAPI.ILK
D:\HS\策略交易\TRUNK\SOURCES\MARKETDATACENTER\BIN\DEBUG\MARKDATATRADERAPI.DLL
D:\HS\策略交易\TRUNK\SOURCES\MARKETDATACENTER\BIN\DEBUG\MARKDATATRADERAPI.PDB
D:\HS\策略交易\TRUNK\SOURCES\MARKETDATACENTER\BIN\RELEASE\MARKDATATRADERAPI.DLL
D:\HS\策略交易\TRUNK\SOURCES\MARKETDATACENTER\BIN\RELEASE\MARKDATATRADERAPI.PDB
D:\HS\策略交易\trunk\Sources\MarketDataCenter\Bin\Debug\MarkDataTraderApi.lib
D:\HS\策略交易\trunk\Sources\MarketDataCenter\Bin\Debug\MarkDataTraderApi.exp
D:\HS\策略交易\trunk\Sources\MarketDataCenter\Bin\Release\MarkDataTraderApi.lib
D:\HS\策略交易\trunk\Sources\MarketDataCenter\Bin\Release\MarkDataTraderApi.exp
D:\HS\策略交易\trunk\Sources\MarketDataCenter\MarkDataTraderApi\obj\MarkDataTraderApi_impl.obj
D:\HS\策略交易\trunk\Sources\MarketDataCenter\MarkDataTraderApi\obj\MarkDataTraderApi_log.obj
D:\HS\策略交易\trunk\Sources\MarketDataCenter\MarkDataTraderApi\obj\public.obj
D:\HS\策略交易\trunk\Sources\MarketDataCenter\MarkDataTraderApi\obj\t2_connection_impl.obj
D:\HS\策略交易\trunk\Sources\MarketDataCenter\MarkDataTraderApi\obj\cl.command.1.tlog
D:\HS\策略交易\trunk\Sources\MarketDataCenter\MarkDataTraderApi\obj\CL.read.1.tlog
D:\HS\策略交易\trunk\Sources\MarketDataCenter\MarkDataTraderApi\obj\CL.write.1.tlog
D:\HS\策略交易\trunk\Sources\MarketDataCenter\MarkDataTraderApi\obj\link-cvtres.read.1.tlog
D:\HS\策略交易\trunk\Sources\MarketDataCenter\MarkDataTraderApi\obj\link-cvtres.write.1.tlog
D:\HS\策略交易\trunk\Sources\MarketDataCenter\MarkDataTraderApi\obj\link-rc.read.1.tlog
D:\HS\策略交易\trunk\Sources\MarketDataCenter\MarkDataTraderApi\obj\link-rc.write.1.tlog
D:\HS\策略交易\trunk\Sources\MarketDataCenter\MarkDataTraderApi\obj\link.command.1.tlog
D:\HS\策略交易\trunk\Sources\MarketDataCenter\MarkDataTraderApi\obj\link.read.1.tlog
D:\HS\策略交易\trunk\Sources\MarketDataCenter\MarkDataTraderApi\obj\link.write.1.tlog
D:\HS\策略交易\trunk\Sources\MarketDataCenter\MarkDataTraderApi\obj\MarkDataTraderApi.write.1.tlog
D:\HS\策略交易\trunk\Sources\MarketDataCenter\MarkDataTraderApi\obj\vc110.idb
D:\HS\策略交易\trunk\Sources\MarketDataCenter\MarkDataTraderApi\obj\vc110.pdb
D:\HS\策略交易\trunk\Sources\MarketDataCenter\Build\..\Bin\Release\MarkDataTraderApi.pdb
D:\HS\策略交易\trunk\Sources\MarketDataCenter\Build\..\Bin\Release\MarkDataTraderApi.dll
