D:\HS\策略交易\TRUNK\SOURCES\HSQUANTRADE\STRATEGYBREAKHIGHDOWN\DEBUG\STRATEGYBREAKHIGHDOWN.PCH
D:\HS\策略交易\TRUNK\SOURCES\HSQUANTRADE\STRATEGYBREAKHIGHDOWN\DEBUG\STDAFX.OBJ
D:\HS\策略交易\TRUNK\SOURCES\HSQUANTRADE\STRATEGYBREAKHIGHDOWN\DEBUG\VC110.PDB
D:\HS\策略交易\TRUNK\SOURCES\HSQUANTRADE\STRATEGYBREAKHIGHDOWN\DEBUG\CINFOLOGGER.OBJ
D:\HS\策略交易\TRUNK\SOURCES\HSQUANTRADE\STRATEGYBREAKHIGHDOWN\DEBUG\CKDATA.OBJ
D:\HS\策略交易\TRUNK\SOURCES\HSQUANTRADE\STRATEGYBREAKHIGHDOWN\DEBUG\DATA.OBJ
D:\HS\策略交易\TRUNK\SOURCES\HSQUANTRADE\STRATEGYBREAKHIGHDOWN\DEBUG\EASYTHREAD.OBJ
D:\HS\策略交易\TRUNK\SOURCES\HSQUANTRADE\STRATEGYBREAKHIGHDOWN\DEBUG\FUNCTIONPUB.OBJ
D:\HS\策略交易\TRUNK\SOURCES\HSQUANTRADE\STRATEGYBREAKHIGHDOWN\DEBUG\FUNDMANAGER.OBJ
D:\HS\策略交易\TRUNK\SOURCES\HSQUANTRADE\STRATEGYBREAKHIGHDOWN\DEBUG\STRATEGYBASE.OBJ
D:\HS\策略交易\TRUNK\SOURCES\HSQUANTRADE\STRATEGYBREAKHIGHDOWN\DEBUG\TOOL.OBJ
D:\HS\策略交易\TRUNK\SOURCES\HSQUANTRADE\STRATEGYBREAKHIGHDOWN\DEBUG\TRADESTATISTIC2.OBJ
D:\HS\策略交易\TRUNK\SOURCES\HSQUANTRADE\STRATEGYBREAKHIGHDOWN\DEBUG\STRATEGYBKHIDOWNIMPL.OBJ
D:\HS\策略交易\TRUNK\SOURCES\HSQUANTRADE\STRATEGYBREAKHIGHDOWN\DEBUG\STRATEGYBREAKHIGHDOWN.OBJ
D:\HS\策略交易\TRUNK\SOURCES\HSQUANTRADE\STRATEGYBREAKHIGHDOWN\DEBUG\TINYSTR.OBJ
D:\HS\策略交易\TRUNK\SOURCES\HSQUANTRADE\STRATEGYBREAKHIGHDOWN\DEBUG\TINYXML.OBJ
D:\HS\策略交易\TRUNK\SOURCES\HSQUANTRADE\STRATEGYBREAKHIGHDOWN\DEBUG\TINYXMLERROR.OBJ
D:\HS\策略交易\TRUNK\SOURCES\HSQUANTRADE\STRATEGYBREAKHIGHDOWN\DEBUG\TINYXMLPARSER.OBJ
D:\HS\策略交易\TRUNK\SOURCES\HSQUANTRADE\BIN\DEBUG\STRAGEDLL\STRATEGYBREAKHIGHDOWN.ILK
D:\HS\策略交易\TRUNK\SOURCES\HSQUANTRADE\BIN\DEBUG\STRAGEDLL\STRATEGYBREAKHIGHDOWN.DLL
D:\HS\策略交易\TRUNK\SOURCES\HSQUANTRADE\BIN\DEBUG\STRAGEDLL\STRATEGYBREAKHIGHDOWN.PDB
D:\HS\策略交易\TRUNK\SOURCES\HSQUANTRADE\STRATEGYBREAKHIGHDOWN\DEBUG\STRATEGYBREAKHIGHDOWN.RES
D:\HS\策略交易\trunk\Sources\HSQuanTrade\Debug\StrageDLL\StrategyBreakHighDown.lib
D:\HS\策略交易\trunk\Sources\HSQuanTrade\Debug\StrageDLL\StrategyBreakHighDown.exp
D:\HS\策略交易\trunk\Sources\HSQuanTrade\bin\Debug\StrageDLL\StrategyBreakHighDown.lib
D:\HS\策略交易\trunk\Sources\HSQuanTrade\bin\Debug\StrageDLL\StrategyBreakHighDown.exp
D:\codelife\HSTrade\source\HSQuanTrade\StrategyBreakHighDown\Debug\CinfoLogger.obj
D:\codelife\HSTrade\source\HSQuanTrade\StrategyBreakHighDown\Debug\CKdata.obj
D:\codelife\HSTrade\source\HSQuanTrade\StrategyBreakHighDown\Debug\data.obj
D:\codelife\HSTrade\source\HSQuanTrade\StrategyBreakHighDown\Debug\EasyThread.obj
D:\codelife\HSTrade\source\HSQuanTrade\StrategyBreakHighDown\Debug\FunctionPub.obj
D:\codelife\HSTrade\source\HSQuanTrade\StrategyBreakHighDown\Debug\FundManager.obj
D:\codelife\HSTrade\source\HSQuanTrade\StrategyBreakHighDown\Debug\stdafx.obj
D:\codelife\HSTrade\source\HSQuanTrade\StrategyBreakHighDown\Debug\StrategyBase.obj
D:\codelife\HSTrade\source\HSQuanTrade\StrategyBreakHighDown\Debug\StrategyBkHiDownImpl.obj
D:\codelife\HSTrade\source\HSQuanTrade\StrategyBreakHighDown\Debug\StrategyBreakHighDown.obj
D:\codelife\HSTrade\source\HSQuanTrade\StrategyBreakHighDown\Debug\tinystr.obj
D:\codelife\HSTrade\source\HSQuanTrade\StrategyBreakHighDown\Debug\tinyxml.obj
D:\codelife\HSTrade\source\HSQuanTrade\StrategyBreakHighDown\Debug\tinyxmlerror.obj
D:\codelife\HSTrade\source\HSQuanTrade\StrategyBreakHighDown\Debug\tinyxmlparser.obj
D:\codelife\HSTrade\source\HSQuanTrade\StrategyBreakHighDown\Debug\tool.obj
D:\codelife\HSTrade\source\HSQuanTrade\StrategyBreakHighDown\Debug\TradeStatistic2.obj
D:\codelife\HSTrade\source\HSQuanTrade\StrategyBreakHighDown\Debug\cl.command.1.tlog
D:\codelife\HSTrade\source\HSQuanTrade\StrategyBreakHighDown\Debug\CL.read.1.tlog
D:\codelife\HSTrade\source\HSQuanTrade\StrategyBreakHighDown\Debug\CL.write.1.tlog
D:\codelife\HSTrade\source\HSQuanTrade\StrategyBreakHighDown\Debug\link-cvtres.read.1.tlog
D:\codelife\HSTrade\source\HSQuanTrade\StrategyBreakHighDown\Debug\link-cvtres.write.1.tlog
D:\codelife\HSTrade\source\HSQuanTrade\StrategyBreakHighDown\Debug\link-mt.read.1.tlog
D:\codelife\HSTrade\source\HSQuanTrade\StrategyBreakHighDown\Debug\link-mt.write.1.tlog
D:\codelife\HSTrade\source\HSQuanTrade\StrategyBreakHighDown\Debug\link-rc.read.1.tlog
D:\codelife\HSTrade\source\HSQuanTrade\StrategyBreakHighDown\Debug\link-rc.write.1.tlog
D:\codelife\HSTrade\source\HSQuanTrade\StrategyBreakHighDown\Debug\link.5872-cvtres.read.1.tlog
D:\codelife\HSTrade\source\HSQuanTrade\StrategyBreakHighDown\Debug\link.5872-cvtres.write.1.tlog
D:\codelife\HSTrade\source\HSQuanTrade\StrategyBreakHighDown\Debug\link.5872-mt.read.1.tlog
D:\codelife\HSTrade\source\HSQuanTrade\StrategyBreakHighDown\Debug\link.5872-mt.write.1.tlog
D:\codelife\HSTrade\source\HSQuanTrade\StrategyBreakHighDown\Debug\link.5872-rc.read.1.tlog
D:\codelife\HSTrade\source\HSQuanTrade\StrategyBreakHighDown\Debug\link.5872-rc.write.1.tlog
D:\codelife\HSTrade\source\HSQuanTrade\StrategyBreakHighDown\Debug\link.5872.read.1.tlog
D:\codelife\HSTrade\source\HSQuanTrade\StrategyBreakHighDown\Debug\link.5872.write.1.tlog
D:\codelife\HSTrade\source\HSQuanTrade\StrategyBreakHighDown\Debug\link.6952-cvtres.read.1.tlog
D:\codelife\HSTrade\source\HSQuanTrade\StrategyBreakHighDown\Debug\link.6952-cvtres.write.1.tlog
D:\codelife\HSTrade\source\HSQuanTrade\StrategyBreakHighDown\Debug\link.6952-mt.read.1.tlog
D:\codelife\HSTrade\source\HSQuanTrade\StrategyBreakHighDown\Debug\link.6952-mt.write.1.tlog
D:\codelife\HSTrade\source\HSQuanTrade\StrategyBreakHighDown\Debug\link.6952-rc.read.1.tlog
D:\codelife\HSTrade\source\HSQuanTrade\StrategyBreakHighDown\Debug\link.6952-rc.write.1.tlog
D:\codelife\HSTrade\source\HSQuanTrade\StrategyBreakHighDown\Debug\link.6952.read.1.tlog
D:\codelife\HSTrade\source\HSQuanTrade\StrategyBreakHighDown\Debug\link.6952.write.1.tlog
D:\codelife\HSTrade\source\HSQuanTrade\StrategyBreakHighDown\Debug\link.command.1.tlog
D:\codelife\HSTrade\source\HSQuanTrade\StrategyBreakHighDown\Debug\link.read.1.tlog
D:\codelife\HSTrade\source\HSQuanTrade\StrategyBreakHighDown\Debug\link.write.1.tlog
D:\codelife\HSTrade\source\HSQuanTrade\StrategyBreakHighDown\Debug\rc.command.1.tlog
D:\codelife\HSTrade\source\HSQuanTrade\StrategyBreakHighDown\Debug\rc.read.1.tlog
D:\codelife\HSTrade\source\HSQuanTrade\StrategyBreakHighDown\Debug\rc.write.1.tlog
D:\codelife\HSTrade\source\HSQuanTrade\StrategyBreakHighDown\Debug\StrategyBreakHighDown.write.1.tlog
D:\codelife\HSTrade\source\HSQuanTrade\StrategyBreakHighDown\Debug\StrategyBreakHighDown.res
D:\codelife\HSTrade\source\HSQuanTrade\StrategyBreakHighDown\Debug\StrategyBreakHighDown.pch
D:\codelife\HSTrade\source\HSQuanTrade\StrategyBreakHighDown\Debug\vc110.idb
D:\codelife\HSTrade\source\HSQuanTrade\StrategyBreakHighDown\Debug\vc110.pdb
D:\codelife\HSTrade\source\HSQuanTrade\\bin\Debug\StrageDLL\StrategyBreakHighDown.pdb
D:\codelife\HSTrade\source\HSQuanTrade\\bin\Debug\StrageDLL\StrategyBreakHighDown.dll
D:\codelife\HSTrade\source\HSQuanTrade\\bin\Debug\StrageDLL\StrategyBreakHighDown.ilk
