D:\HS\策略交易\TRUNK\SOURCES\HSQUANTRADE\STRATEGYLIMITUPFLUCUATE\RELEASE\STRATEGYLIMITUPFLUCUATEV1.OBJ
D:\HS\策略交易\TRUNK\SOURCES\HSQUANTRADE\STRATEGYLIMITUPFLUCUATE\RELEASE\STRATEGYLIMITUPFLUCUATE.OBJ
D:\HS\策略交易\TRUNK\SOURCES\HSQUANTRADE\STRATEGYLIMITUPFLUCUATE\RELEASE\TRADESTATISTIC2.OBJ
D:\HS\策略交易\TRUNK\SOURCES\HSQUANTRADE\STRATEGYLIMITUPFLUCUATE\RELEASE\TOOL.OBJ
D:\HS\策略交易\TRUNK\SOURCES\HSQUANTRADE\STRATEGYLIMITUPFLUCUATE\RELEASE\STRATEGYBASE.OBJ
D:\HS\策略交易\TRUNK\SOURCES\HSQUANTRADE\STRATEGYLIMITUPFLUCUATE\RELEASE\FUNDMANAGER.OBJ
D:\HS\策略交易\TRUNK\SOURCES\HSQUANTRADE\STRATEGYLIMITUPFLUCUATE\RELEASE\FUNCTIONPUB.OBJ
D:\HS\策略交易\TRUNK\SOURCES\HSQUANTRADE\STRATEGYLIMITUPFLUCUATE\RELEASE\EASYTHREAD.OBJ
D:\HS\策略交易\TRUNK\SOURCES\HSQUANTRADE\STRATEGYLIMITUPFLUCUATE\RELEASE\DATA.OBJ
D:\HS\策略交易\TRUNK\SOURCES\HSQUANTRADE\STRATEGYLIMITUPFLUCUATE\RELEASE\CKDATA.OBJ
D:\HS\策略交易\TRUNK\SOURCES\HSQUANTRADE\STRATEGYLIMITUPFLUCUATE\RELEASE\CINFOLOGGER.OBJ
D:\HS\策略交易\TRUNK\SOURCES\HSQUANTRADE\STRATEGYLIMITUPFLUCUATE\RELEASE\VC110.PDB
D:\HS\策略交易\TRUNK\SOURCES\HSQUANTRADE\STRATEGYLIMITUPFLUCUATE\RELEASE\STRATEGYLIMITUPFLUCUATE.PCH
D:\HS\策略交易\TRUNK\SOURCES\HSQUANTRADE\STRATEGYLIMITUPFLUCUATE\RELEASE\STDAFX.OBJ
D:\HS\策略交易\TRUNK\SOURCES\HSQUANTRADE\STRATEGYLIMITUPFLUCUATE\RELEASE\TINYXMLPARSER.OBJ
D:\HS\策略交易\TRUNK\SOURCES\HSQUANTRADE\STRATEGYLIMITUPFLUCUATE\RELEASE\TINYXMLERROR.OBJ
D:\HS\策略交易\TRUNK\SOURCES\HSQUANTRADE\STRATEGYLIMITUPFLUCUATE\RELEASE\TINYXML.OBJ
D:\HS\策略交易\TRUNK\SOURCES\HSQUANTRADE\STRATEGYLIMITUPFLUCUATE\RELEASE\TINYSTR.OBJ
D:\HS\策略交易\TRUNK\SOURCES\HSQUANTRADE\BIN\RELEASE\STRAGEDLL\STRATEGYLIMITUPFLUCUATE.DLL
D:\HS\策略交易\TRUNK\SOURCES\HSQUANTRADE\BIN\RELEASE\STRAGEDLL\STRATEGYLIMITUPFLUCUATE.PDB
D:\HS\策略交易\TRUNK\SOURCES\HSQUANTRADE\STRATEGYLIMITUPFLUCUATE\RELEASE\STRATEGYLIMITUPFLUCUATE.RES
D:\HS\策略交易\trunk\Sources\HSQuanTrade\bin\Release\StrageDLL\StrategyLimitupFlucuate.lib
D:\HS\策略交易\trunk\Sources\HSQuanTrade\bin\Release\StrageDLL\StrategyLimitupFlucuate.exp
D:\codelife\HSTrade\source\HSQuanTrade\StrategyLimitupFlucuate\Release\CinfoLogger.obj
D:\codelife\HSTrade\source\HSQuanTrade\StrategyLimitupFlucuate\Release\CKdata.obj
D:\codelife\HSTrade\source\HSQuanTrade\StrategyLimitupFlucuate\Release\data.obj
D:\codelife\HSTrade\source\HSQuanTrade\StrategyLimitupFlucuate\Release\EasyThread.obj
D:\codelife\HSTrade\source\HSQuanTrade\StrategyLimitupFlucuate\Release\FunctionPub.obj
D:\codelife\HSTrade\source\HSQuanTrade\StrategyLimitupFlucuate\Release\FundManager.obj
D:\codelife\HSTrade\source\HSQuanTrade\StrategyLimitupFlucuate\Release\stdafx.obj
D:\codelife\HSTrade\source\HSQuanTrade\StrategyLimitupFlucuate\Release\StrategyBase.obj
D:\codelife\HSTrade\source\HSQuanTrade\StrategyLimitupFlucuate\Release\StrategyLimitupFlucuate.obj
D:\codelife\HSTrade\source\HSQuanTrade\StrategyLimitupFlucuate\Release\StrategyLimitupFlucuateV1.obj
D:\codelife\HSTrade\source\HSQuanTrade\StrategyLimitupFlucuate\Release\tinystr.obj
D:\codelife\HSTrade\source\HSQuanTrade\StrategyLimitupFlucuate\Release\tinyxml.obj
D:\codelife\HSTrade\source\HSQuanTrade\StrategyLimitupFlucuate\Release\tinyxmlerror.obj
D:\codelife\HSTrade\source\HSQuanTrade\StrategyLimitupFlucuate\Release\tinyxmlparser.obj
D:\codelife\HSTrade\source\HSQuanTrade\StrategyLimitupFlucuate\Release\tool.obj
D:\codelife\HSTrade\source\HSQuanTrade\StrategyLimitupFlucuate\Release\TradeStatistic2.obj
D:\codelife\HSTrade\source\HSQuanTrade\StrategyLimitupFlucuate\Release\cl.command.1.tlog
D:\codelife\HSTrade\source\HSQuanTrade\StrategyLimitupFlucuate\Release\CL.read.1.tlog
D:\codelife\HSTrade\source\HSQuanTrade\StrategyLimitupFlucuate\Release\CL.write.1.tlog
D:\codelife\HSTrade\source\HSQuanTrade\StrategyLimitupFlucuate\Release\link-cvtres.read.1.tlog
D:\codelife\HSTrade\source\HSQuanTrade\StrategyLimitupFlucuate\Release\link-cvtres.write.1.tlog
D:\codelife\HSTrade\source\HSQuanTrade\StrategyLimitupFlucuate\Release\link-mt.read.1.tlog
D:\codelife\HSTrade\source\HSQuanTrade\StrategyLimitupFlucuate\Release\link-mt.write.1.tlog
D:\codelife\HSTrade\source\HSQuanTrade\StrategyLimitupFlucuate\Release\link-rc.read.1.tlog
D:\codelife\HSTrade\source\HSQuanTrade\StrategyLimitupFlucuate\Release\link-rc.write.1.tlog
D:\codelife\HSTrade\source\HSQuanTrade\StrategyLimitupFlucuate\Release\link.command.1.tlog
D:\codelife\HSTrade\source\HSQuanTrade\StrategyLimitupFlucuate\Release\link.read.1.tlog
D:\codelife\HSTrade\source\HSQuanTrade\StrategyLimitupFlucuate\Release\link.read.4.tlog
D:\codelife\HSTrade\source\HSQuanTrade\StrategyLimitupFlucuate\Release\link.write.1.tlog
D:\codelife\HSTrade\source\HSQuanTrade\StrategyLimitupFlucuate\Release\rc.command.1.tlog
D:\codelife\HSTrade\source\HSQuanTrade\StrategyLimitupFlucuate\Release\rc.read.1.tlog
D:\codelife\HSTrade\source\HSQuanTrade\StrategyLimitupFlucuate\Release\rc.write.1.tlog
D:\codelife\HSTrade\source\HSQuanTrade\StrategyLimitupFlucuate\Release\StrategyLimitupFlucuate.write.1.tlog
D:\codelife\HSTrade\source\HSQuanTrade\StrategyLimitupFlucuate\Release\StrategyLimitupFlucuate.res
D:\codelife\HSTrade\source\HSQuanTrade\StrategyLimitupFlucuate\Release\StrategyLimitupFlucuate.pch
D:\codelife\HSTrade\source\HSQuanTrade\StrategyLimitupFlucuate\Release\vc110.pdb
D:\codelife\HSTrade\source\HSQuanTrade\\bin\Release\StrageDLL\StrategyLimitupFlucuate.pdb
D:\codelife\HSTrade\source\HSQuanTrade\\bin\Release\StrageDLL\StrategyLimitupFlucuate.dll
