D:\HS\策略交易\TRUNK\SOURCES\HSQUANTRADE\STRATEGYARBITRAGE\DEBUG\STRATEGYARBITRAGE.PCH
D:\HS\策略交易\TRUNK\SOURCES\HSQUANTRADE\STRATEGYARBITRAGE\DEBUG\STDAFX.OBJ
D:\HS\策略交易\TRUNK\SOURCES\HSQUANTRADE\STRATEGYARBITRAGE\DEBUG\VC110.PDB
D:\HS\策略交易\TRUNK\SOURCES\HSQUANTRADE\STRATEGYARBITRAGE\DEBUG\CINFOLOGGER.OBJ
D:\HS\策略交易\TRUNK\SOURCES\HSQUANTRADE\STRATEGYARBITRAGE\DEBUG\CKDATA.OBJ
D:\HS\策略交易\TRUNK\SOURCES\HSQUANTRADE\STRATEGYARBITRAGE\DEBUG\DATA.OBJ
D:\HS\策略交易\TRUNK\SOURCES\HSQUANTRADE\STRATEGYARBITRAGE\DEBUG\EASYTHREAD.OBJ
D:\HS\策略交易\TRUNK\SOURCES\HSQUANTRADE\STRATEGYARBITRAGE\DEBUG\FUNCTIONPUB.OBJ
D:\HS\策略交易\TRUNK\SOURCES\HSQUANTRADE\STRATEGYARBITRAGE\DEBUG\FUNDMANAGER.OBJ
D:\HS\策略交易\TRUNK\SOURCES\HSQUANTRADE\STRATEGYARBITRAGE\DEBUG\STRATEGYBASE.OBJ
D:\HS\策略交易\TRUNK\SOURCES\HSQUANTRADE\STRATEGYARBITRAGE\DEBUG\TOOL.OBJ
D:\HS\策略交易\TRUNK\SOURCES\HSQUANTRADE\STRATEGYARBITRAGE\DEBUG\TRADESTATISTIC2.OBJ
D:\HS\策略交易\TRUNK\SOURCES\HSQUANTRADE\STRATEGYARBITRAGE\DEBUG\STRATEGYARBITRAGEIMPL.OBJ
D:\HS\策略交易\TRUNK\SOURCES\HSQUANTRADE\STRATEGYARBITRAGE\DEBUG\STRATEGYARBITRAGE.OBJ
D:\HS\策略交易\TRUNK\SOURCES\HSQUANTRADE\STRATEGYARBITRAGE\DEBUG\TINYSTR.OBJ
D:\HS\策略交易\TRUNK\SOURCES\HSQUANTRADE\STRATEGYARBITRAGE\DEBUG\TINYXML.OBJ
D:\HS\策略交易\TRUNK\SOURCES\HSQUANTRADE\STRATEGYARBITRAGE\DEBUG\TINYXMLERROR.OBJ
D:\HS\策略交易\TRUNK\SOURCES\HSQUANTRADE\STRATEGYARBITRAGE\DEBUG\TINYXMLPARSER.OBJ
D:\HS\策略交易\TRUNK\SOURCES\HSQUANTRADE\STRATEGYARBITRAGE\DEBUG\TRADEINTERFACE.OBJ
D:\HS\策略交易\TRUNK\SOURCES\HSQUANTRADE\STRATEGYARBITRAGE\DEBUG\MGSERVERSOCKET.OBJ
D:\HS\策略交易\TRUNK\SOURCES\HSQUANTRADE\BIN\DEBUG\STRAGEDLL\STRATEGYARBITRAGE.ILK
D:\HS\策略交易\TRUNK\SOURCES\HSQUANTRADE\BIN\DEBUG\STRAGEDLL\STRATEGYARBITRAGE.DLL
D:\HS\策略交易\TRUNK\SOURCES\HSQUANTRADE\BIN\DEBUG\STRAGEDLL\STRATEGYARBITRAGE.PDB
D:\HS\策略交易\TRUNK\SOURCES\HSQUANTRADE\STRATEGYARBITRAGE\DEBUG\STRATEGYARBITRAGE.RES
D:\HS\策略交易\trunk\Sources\HSQuanTrade\bin\Debug\StrageDLL\StrategyArbitrage.lib
D:\HS\策略交易\trunk\Sources\HSQuanTrade\bin\Debug\StrageDLL\StrategyArbitrage.exp
D:\codelife\HSTrade\source\HSQuanTrade\StrategyArbitrage\Debug\CinfoLogger.obj
D:\codelife\HSTrade\source\HSQuanTrade\StrategyArbitrage\Debug\CKdata.obj
D:\codelife\HSTrade\source\HSQuanTrade\StrategyArbitrage\Debug\data.obj
D:\codelife\HSTrade\source\HSQuanTrade\StrategyArbitrage\Debug\EasyThread.obj
D:\codelife\HSTrade\source\HSQuanTrade\StrategyArbitrage\Debug\FunctionPub.obj
D:\codelife\HSTrade\source\HSQuanTrade\StrategyArbitrage\Debug\FundManager.obj
D:\codelife\HSTrade\source\HSQuanTrade\StrategyArbitrage\Debug\MgServerSocket.obj
D:\codelife\HSTrade\source\HSQuanTrade\StrategyArbitrage\Debug\stdafx.obj
D:\codelife\HSTrade\source\HSQuanTrade\StrategyArbitrage\Debug\StrategyArbitrage.obj
D:\codelife\HSTrade\source\HSQuanTrade\StrategyArbitrage\Debug\StrategyArbitrageImpl.obj
D:\codelife\HSTrade\source\HSQuanTrade\StrategyArbitrage\Debug\StrategyBase.obj
D:\codelife\HSTrade\source\HSQuanTrade\StrategyArbitrage\Debug\tinystr.obj
D:\codelife\HSTrade\source\HSQuanTrade\StrategyArbitrage\Debug\tinyxml.obj
D:\codelife\HSTrade\source\HSQuanTrade\StrategyArbitrage\Debug\tinyxmlerror.obj
D:\codelife\HSTrade\source\HSQuanTrade\StrategyArbitrage\Debug\tinyxmlparser.obj
D:\codelife\HSTrade\source\HSQuanTrade\StrategyArbitrage\Debug\tool.obj
D:\codelife\HSTrade\source\HSQuanTrade\StrategyArbitrage\Debug\TradeInterface.obj
D:\codelife\HSTrade\source\HSQuanTrade\StrategyArbitrage\Debug\TradeStatistic2.obj
D:\codelife\HSTrade\source\HSQuanTrade\StrategyArbitrage\Debug\cl.command.1.tlog
D:\codelife\HSTrade\source\HSQuanTrade\StrategyArbitrage\Debug\CL.read.1.tlog
D:\codelife\HSTrade\source\HSQuanTrade\StrategyArbitrage\Debug\CL.write.1.tlog
D:\codelife\HSTrade\source\HSQuanTrade\StrategyArbitrage\Debug\link-cvtres.read.1.tlog
D:\codelife\HSTrade\source\HSQuanTrade\StrategyArbitrage\Debug\link-cvtres.write.1.tlog
D:\codelife\HSTrade\source\HSQuanTrade\StrategyArbitrage\Debug\link-mt.read.1.tlog
D:\codelife\HSTrade\source\HSQuanTrade\StrategyArbitrage\Debug\link-mt.write.1.tlog
D:\codelife\HSTrade\source\HSQuanTrade\StrategyArbitrage\Debug\link-rc.read.1.tlog
D:\codelife\HSTrade\source\HSQuanTrade\StrategyArbitrage\Debug\link-rc.write.1.tlog
D:\codelife\HSTrade\source\HSQuanTrade\StrategyArbitrage\Debug\link.3340-cvtres.read.1.tlog
D:\codelife\HSTrade\source\HSQuanTrade\StrategyArbitrage\Debug\link.3340-cvtres.write.1.tlog
D:\codelife\HSTrade\source\HSQuanTrade\StrategyArbitrage\Debug\link.3340-mt.read.1.tlog
D:\codelife\HSTrade\source\HSQuanTrade\StrategyArbitrage\Debug\link.3340-mt.write.1.tlog
D:\codelife\HSTrade\source\HSQuanTrade\StrategyArbitrage\Debug\link.3340-rc.read.1.tlog
D:\codelife\HSTrade\source\HSQuanTrade\StrategyArbitrage\Debug\link.3340-rc.write.1.tlog
D:\codelife\HSTrade\source\HSQuanTrade\StrategyArbitrage\Debug\link.3340.read.1.tlog
D:\codelife\HSTrade\source\HSQuanTrade\StrategyArbitrage\Debug\link.3340.write.1.tlog
D:\codelife\HSTrade\source\HSQuanTrade\StrategyArbitrage\Debug\link.8604-cvtres.read.1.tlog
D:\codelife\HSTrade\source\HSQuanTrade\StrategyArbitrage\Debug\link.8604-cvtres.write.1.tlog
D:\codelife\HSTrade\source\HSQuanTrade\StrategyArbitrage\Debug\link.8604-mt.read.1.tlog
D:\codelife\HSTrade\source\HSQuanTrade\StrategyArbitrage\Debug\link.8604-mt.write.1.tlog
D:\codelife\HSTrade\source\HSQuanTrade\StrategyArbitrage\Debug\link.8604-rc.read.1.tlog
D:\codelife\HSTrade\source\HSQuanTrade\StrategyArbitrage\Debug\link.8604-rc.write.1.tlog
D:\codelife\HSTrade\source\HSQuanTrade\StrategyArbitrage\Debug\link.8604.read.1.tlog
D:\codelife\HSTrade\source\HSQuanTrade\StrategyArbitrage\Debug\link.8604.write.1.tlog
D:\codelife\HSTrade\source\HSQuanTrade\StrategyArbitrage\Debug\link.8760-cvtres.read.1.tlog
D:\codelife\HSTrade\source\HSQuanTrade\StrategyArbitrage\Debug\link.8760-cvtres.write.1.tlog
D:\codelife\HSTrade\source\HSQuanTrade\StrategyArbitrage\Debug\link.8760-mt.read.1.tlog
D:\codelife\HSTrade\source\HSQuanTrade\StrategyArbitrage\Debug\link.8760-mt.write.1.tlog
D:\codelife\HSTrade\source\HSQuanTrade\StrategyArbitrage\Debug\link.8760-rc.read.1.tlog
D:\codelife\HSTrade\source\HSQuanTrade\StrategyArbitrage\Debug\link.8760-rc.write.1.tlog
D:\codelife\HSTrade\source\HSQuanTrade\StrategyArbitrage\Debug\link.8760.read.1.tlog
D:\codelife\HSTrade\source\HSQuanTrade\StrategyArbitrage\Debug\link.8760.write.1.tlog
D:\codelife\HSTrade\source\HSQuanTrade\StrategyArbitrage\Debug\link.command.1.tlog
D:\codelife\HSTrade\source\HSQuanTrade\StrategyArbitrage\Debug\link.read.1.tlog
D:\codelife\HSTrade\source\HSQuanTrade\StrategyArbitrage\Debug\link.write.1.tlog
D:\codelife\HSTrade\source\HSQuanTrade\StrategyArbitrage\Debug\rc.command.1.tlog
D:\codelife\HSTrade\source\HSQuanTrade\StrategyArbitrage\Debug\rc.read.1.tlog
D:\codelife\HSTrade\source\HSQuanTrade\StrategyArbitrage\Debug\rc.write.1.tlog
D:\codelife\HSTrade\source\HSQuanTrade\StrategyArbitrage\Debug\StrategyArbitrage.write.1.tlog
D:\codelife\HSTrade\source\HSQuanTrade\StrategyArbitrage\Debug\StrategyArbitrage.res
D:\codelife\HSTrade\source\HSQuanTrade\StrategyArbitrage\Debug\StrategyArbitrage.pch
D:\codelife\HSTrade\source\HSQuanTrade\StrategyArbitrage\Debug\vc110.idb
D:\codelife\HSTrade\source\HSQuanTrade\StrategyArbitrage\Debug\vc110.pdb
D:\codelife\HSTrade\source\HSQuanTrade\\bin\Debug\StrageDLL\StrategyArbitrage.pdb
D:\codelife\HSTrade\source\HSQuanTrade\\bin\Debug\StrageDLL\StrategyArbitrage.dll
D:\codelife\HSTrade\source\HSQuanTrade\\bin\Debug\StrageDLL\StrategyArbitrage.ilk
