D:\HS\策略交易\TRUNK\SOURCES\HSQUANTRADE\STRATEGYBREAKHIGH\RELEASE\STRATEGYBREAKHIGH_IMP.OBJ
D:\HS\策略交易\TRUNK\SOURCES\HSQUANTRADE\STRATEGYBREAKHIGH\RELEASE\STRATEGYBREAKHIGH.OBJ
D:\HS\策略交易\TRUNK\SOURCES\HSQUANTRADE\STRATEGYBREAKHIGH\RELEASE\TRADESTATISTIC2.OBJ
D:\HS\策略交易\TRUNK\SOURCES\HSQUANTRADE\STRATEGYBREAKHIGH\RELEASE\TOOL.OBJ
D:\HS\策略交易\TRUNK\SOURCES\HSQUANTRADE\STRATEGYBREAKHIGH\RELEASE\STRATEGYBASE.OBJ
D:\HS\策略交易\TRUNK\SOURCES\HSQUANTRADE\STRATEGYBREAKHIGH\RELEASE\FUNDMANAGER.OBJ
D:\HS\策略交易\TRUNK\SOURCES\HSQUANTRADE\STRATEGYBREAKHIGH\RELEASE\FUNCTIONPUB.OBJ
D:\HS\策略交易\TRUNK\SOURCES\HSQUANTRADE\STRATEGYBREAKHIGH\RELEASE\EASYTHREAD.OBJ
D:\HS\策略交易\TRUNK\SOURCES\HSQUANTRADE\STRATEGYBREAKHIGH\RELEASE\DATA.OBJ
D:\HS\策略交易\TRUNK\SOURCES\HSQUANTRADE\STRATEGYBREAKHIGH\RELEASE\CKDATA.OBJ
D:\HS\策略交易\TRUNK\SOURCES\HSQUANTRADE\STRATEGYBREAKHIGH\RELEASE\CINFOLOGGER.OBJ
D:\HS\策略交易\TRUNK\SOURCES\HSQUANTRADE\STRATEGYBREAKHIGH\RELEASE\VC110.PDB
D:\HS\策略交易\TRUNK\SOURCES\HSQUANTRADE\STRATEGYBREAKHIGH\RELEASE\STRATEGYBREAKHIGH.PCH
D:\HS\策略交易\TRUNK\SOURCES\HSQUANTRADE\STRATEGYBREAKHIGH\RELEASE\STDAFX.OBJ
D:\HS\策略交易\TRUNK\SOURCES\HSQUANTRADE\STRATEGYBREAKHIGH\RELEASE\TINYXMLPARSER.OBJ
D:\HS\策略交易\TRUNK\SOURCES\HSQUANTRADE\STRATEGYBREAKHIGH\RELEASE\TINYXMLERROR.OBJ
D:\HS\策略交易\TRUNK\SOURCES\HSQUANTRADE\STRATEGYBREAKHIGH\RELEASE\TINYXML.OBJ
D:\HS\策略交易\TRUNK\SOURCES\HSQUANTRADE\STRATEGYBREAKHIGH\RELEASE\TINYSTR.OBJ
D:\HS\策略交易\TRUNK\SOURCES\HSQUANTRADE\BIN\RELEASE\STRAGEDLL\STRATEGYBREAKHIGH.DLL
D:\HS\策略交易\TRUNK\SOURCES\HSQUANTRADE\BIN\RELEASE\STRAGEDLL\STRATEGYBREAKHIGH.PDB
D:\HS\策略交易\TRUNK\SOURCES\HSQUANTRADE\STRATEGYBREAKHIGH\RELEASE\STRATEGYBREAKHIGH.RES
D:\HS\策略交易\trunk\Sources\HSQuanTrade\bin\Release\StrageDLL\StrategyBreakHigh.lib
D:\HS\策略交易\trunk\Sources\HSQuanTrade\bin\Release\StrageDLL\StrategyBreakHigh.exp
D:\codelife\HSTrade\source\HSQuanTrade\StrategyBreakHigh\Release\CinfoLogger.obj
D:\codelife\HSTrade\source\HSQuanTrade\StrategyBreakHigh\Release\CKdata.obj
D:\codelife\HSTrade\source\HSQuanTrade\StrategyBreakHigh\Release\data.obj
D:\codelife\HSTrade\source\HSQuanTrade\StrategyBreakHigh\Release\EasyThread.obj
D:\codelife\HSTrade\source\HSQuanTrade\StrategyBreakHigh\Release\FunctionPub.obj
D:\codelife\HSTrade\source\HSQuanTrade\StrategyBreakHigh\Release\FundManager.obj
D:\codelife\HSTrade\source\HSQuanTrade\StrategyBreakHigh\Release\stdafx.obj
D:\codelife\HSTrade\source\HSQuanTrade\StrategyBreakHigh\Release\StrategyBase.obj
D:\codelife\HSTrade\source\HSQuanTrade\StrategyBreakHigh\Release\StrategyBreakHigh.obj
D:\codelife\HSTrade\source\HSQuanTrade\StrategyBreakHigh\Release\StrategyBreakHigh_imp.obj
D:\codelife\HSTrade\source\HSQuanTrade\StrategyBreakHigh\Release\tinystr.obj
D:\codelife\HSTrade\source\HSQuanTrade\StrategyBreakHigh\Release\tinyxml.obj
D:\codelife\HSTrade\source\HSQuanTrade\StrategyBreakHigh\Release\tinyxmlerror.obj
D:\codelife\HSTrade\source\HSQuanTrade\StrategyBreakHigh\Release\tinyxmlparser.obj
D:\codelife\HSTrade\source\HSQuanTrade\StrategyBreakHigh\Release\tool.obj
D:\codelife\HSTrade\source\HSQuanTrade\StrategyBreakHigh\Release\TradeStatistic2.obj
D:\codelife\HSTrade\source\HSQuanTrade\StrategyBreakHigh\Release\cl.command.1.tlog
D:\codelife\HSTrade\source\HSQuanTrade\StrategyBreakHigh\Release\CL.read.1.tlog
D:\codelife\HSTrade\source\HSQuanTrade\StrategyBreakHigh\Release\CL.write.1.tlog
D:\codelife\HSTrade\source\HSQuanTrade\StrategyBreakHigh\Release\link-cvtres.read.1.tlog
D:\codelife\HSTrade\source\HSQuanTrade\StrategyBreakHigh\Release\link-cvtres.write.1.tlog
D:\codelife\HSTrade\source\HSQuanTrade\StrategyBreakHigh\Release\link-mt.read.1.tlog
D:\codelife\HSTrade\source\HSQuanTrade\StrategyBreakHigh\Release\link-mt.write.1.tlog
D:\codelife\HSTrade\source\HSQuanTrade\StrategyBreakHigh\Release\link-rc.read.1.tlog
D:\codelife\HSTrade\source\HSQuanTrade\StrategyBreakHigh\Release\link-rc.write.1.tlog
D:\codelife\HSTrade\source\HSQuanTrade\StrategyBreakHigh\Release\link.command.1.tlog
D:\codelife\HSTrade\source\HSQuanTrade\StrategyBreakHigh\Release\link.read.1.tlog
D:\codelife\HSTrade\source\HSQuanTrade\StrategyBreakHigh\Release\link.read.3.tlog
D:\codelife\HSTrade\source\HSQuanTrade\StrategyBreakHigh\Release\link.write.1.tlog
D:\codelife\HSTrade\source\HSQuanTrade\StrategyBreakHigh\Release\rc.command.1.tlog
D:\codelife\HSTrade\source\HSQuanTrade\StrategyBreakHigh\Release\rc.read.1.tlog
D:\codelife\HSTrade\source\HSQuanTrade\StrategyBreakHigh\Release\rc.write.1.tlog
D:\codelife\HSTrade\source\HSQuanTrade\StrategyBreakHigh\Release\StrategyBreakHigh.write.1.tlog
D:\codelife\HSTrade\source\HSQuanTrade\StrategyBreakHigh\Release\StrategyBreakHigh.res
D:\codelife\HSTrade\source\HSQuanTrade\StrategyBreakHigh\Release\StrategyBreakHigh.pch
D:\codelife\HSTrade\source\HSQuanTrade\StrategyBreakHigh\Release\vc110.pdb
D:\codelife\HSTrade\source\HSQuanTrade\\bin\Release\StrageDLL\StrategyBreakHigh.pdb
D:\codelife\HSTrade\source\HSQuanTrade\\bin\Release\StrageDLL\StrategyBreakHigh.dll
