D:\HS\策略交易\TRUNK\SOURCES\MARKETDATACENTER\MARKETDATACENTER\OBJ\MARKETDATASPI.OBJ
D:\HS\策略交易\TRUNK\SOURCES\MARKETDATACENTER\MARKETDATACENTER\OBJ\MARKETDATACENTER_IMPL.OBJ
D:\HS\策略交易\TRUNK\SOURCES\MARKETDATACENTER\MARKETDATACENTER\OBJ\PUBLIC.OBJ
D:\HS\策略交易\TRUNK\SOURCES\MARKETDATACENTER\MARKETDATACENTER\OBJ\H5_IMPL.OBJ
D:\HS\策略交易\TRUNK\SOURCES\MARKETDATACENTER\MARKETDATACENTER\OBJ\DBF_IMPL.OBJ
D:\HS\策略交易\TRUNK\SOURCES\MARKETDATACENTER\MARKETDATACENTER\OBJ\DBF.OBJ
D:\HS\策略交易\TRUNK\SOURCES\MARKETDATACENTER\MARKETDATACENTER\OBJ\VC110.PDB
D:\HS\策略交易\TRUNK\SOURCES\MARKETDATACENTER\BIN\RELEASE\MARKETDATACENTER.DLL
D:\HS\策略交易\TRUNK\SOURCES\MARKETDATACENTER\BIN\RELEASE\MARKETDATACENTER.PDB
D:\HS\策略交易\trunk\Sources\MarketDataCenter\bin\Release\MarketDataCenter.lib
D:\HS\策略交易\trunk\Sources\MarketDataCenter\bin\Release\MarketDataCenter.exp
D:\HS\策略交易\trunk\Sources\MarketDataCenter\MarketDataCenter\obj\dbf.obj
D:\HS\策略交易\trunk\Sources\MarketDataCenter\MarketDataCenter\obj\dbf_impl.obj
D:\HS\策略交易\trunk\Sources\MarketDataCenter\MarketDataCenter\obj\h5_impl.obj
D:\HS\策略交易\trunk\Sources\MarketDataCenter\MarketDataCenter\obj\MarketDataCenter_impl.obj
D:\HS\策略交易\trunk\Sources\MarketDataCenter\MarketDataCenter\obj\MarketDataSpi.obj
D:\HS\策略交易\trunk\Sources\MarketDataCenter\MarketDataCenter\obj\public.obj
D:\HS\策略交易\trunk\Sources\MarketDataCenter\MarketDataCenter\obj\cl.command.1.tlog
D:\HS\策略交易\trunk\Sources\MarketDataCenter\MarketDataCenter\obj\CL.read.1.tlog
D:\HS\策略交易\trunk\Sources\MarketDataCenter\MarketDataCenter\obj\CL.write.1.tlog
D:\HS\策略交易\trunk\Sources\MarketDataCenter\MarketDataCenter\obj\link-cvtres.read.1.tlog
D:\HS\策略交易\trunk\Sources\MarketDataCenter\MarketDataCenter\obj\link-cvtres.write.1.tlog
D:\HS\策略交易\trunk\Sources\MarketDataCenter\MarketDataCenter\obj\link-rc.read.1.tlog
D:\HS\策略交易\trunk\Sources\MarketDataCenter\MarketDataCenter\obj\link-rc.write.1.tlog
D:\HS\策略交易\trunk\Sources\MarketDataCenter\MarketDataCenter\obj\link.command.1.tlog
D:\HS\策略交易\trunk\Sources\MarketDataCenter\MarketDataCenter\obj\link.read.1.tlog
D:\HS\策略交易\trunk\Sources\MarketDataCenter\MarketDataCenter\obj\link.write.1.tlog
D:\HS\策略交易\trunk\Sources\MarketDataCenter\MarketDataCenter\obj\MarketDataCenter.write.1.tlog
D:\HS\策略交易\trunk\Sources\MarketDataCenter\MarketDataCenter\obj\vc110.pdb
D:\HS\策略交易\trunk\Sources\MarketDataCenter\MarketDataCenter\..\bin\Release\MarketDataCenter.pdb
D:\HS\策略交易\trunk\Sources\MarketDataCenter\MarketDataCenter\..\bin\Release\MarketDataCenter.dll
